<?xml version="1.0" encoding="UTF-8"?>
  <testsuites tests="455" disabled="438" errors="4" failures="5" time="1372.448392">
      <testsuite name="Kubernetes e2e suite" package="/Users/julian.lawrence/Code/jklaw90/autoscaler/vertical-pod-autoscaler/e2e/v1" tests="455" disabled="0" skipped="438" errors="4" failures="5" time="1372.448392" timestamp="2025-12-26T10:31:35">
          <properties>
              <property name="SuiteSucceeded" value="false"></property>
              <property name="SuiteHasProgrammaticFocus" value="false"></property>
              <property name="SpecialSuiteFailureReason" value="Interrupted by User"></property>
              <property name="SuiteLabels" value="[]"></property>
              <property name="SuiteSemVerConstraints" value="[]"></property>
              <property name="RandomSeed" value="1766773894"></property>
              <property name="RandomizeAllSpecs" value="false"></property>
              <property name="LabelFilter" value=""></property>
              <property name="SemVerFilter" value=""></property>
              <property name="FocusStrings" value="\[VPA\] \[recommender\]"></property>
              <property name="SkipStrings" value=""></property>
              <property name="FocusFiles" value=""></property>
              <property name="SkipFiles" value=""></property>
              <property name="FailOnPending" value="false"></property>
              <property name="FailOnEmpty" value="false"></property>
              <property name="FailFast" value="false"></property>
              <property name="FlakeAttempts" value="0"></property>
              <property name="DryRun" value="false"></property>
              <property name="ParallelTotal" value="4"></property>
              <property name="OutputInterceptorMode" value=""></property>
          </properties>
          <testcase name="[SynchronizedBeforeSuite]" classname="Kubernetes e2e suite" status="passed" time="0.060968042"></testcase>
          <testcase name="[SynchronizedBeforeSuite]" classname="Kubernetes e2e suite" status="passed" time="0.060652417"></testcase>
          <testcase name="[SynchronizedBeforeSuite]" classname="Kubernetes e2e suite" status="passed" time="0.02443125"></testcase>
          <testcase name="[SynchronizedBeforeSuite]" classname="Kubernetes e2e suite" status="passed" time="0.063273667"></testcase>
          <testcase name="[SynchronizedAfterSuite]" classname="Kubernetes e2e suite" status="passed" time="0.000220834"></testcase>
          <testcase name="[SynchronizedAfterSuite]" classname="Kubernetes e2e suite" status="passed" time="0.000175958"></testcase>
          <testcase name="[SynchronizedAfterSuite]" classname="Kubernetes e2e suite" status="passed" time="0.000263041"></testcase>
          <testcase name="[SynchronizedAfterSuite]" classname="Kubernetes e2e suite" status="passed" time="0.000784667"></testcase>
          <testcase name="[It] [sig-autoscaling] [VPA] [actuation] [v1] Actuation applies in-place updates to all containers when update mode is InPlaceOrRecreate" classname="Kubernetes e2e suite" status="skipped" time="0">
              <skipped message="skipped"></skipped>
          </testcase>
          <testcase name="[It] [sig-autoscaling] [VPA] [actuation] [v1] Actuation applies recommendations only on restart when update mode is Initial" classname="Kubernetes e2e suite" status="skipped" time="0">
              <skipped message="skipped"></skipped>
          </testcase>
          <testcase name="[It] [sig-autoscaling] [VPA] [actuation] [v1] Actuation by default does not evict pods in a 1-Pod CronJob [Slow]" classname="Kubernetes e2e suite" status="skipped" time="0">
              <skipped message="skipped"></skipped>
          </testcase>
          <testcase name="[It] [sig-autoscaling] [VPA] [actuation] [v1] Actuation by default does not evict pods in a 1-Pod Deployment [Slow]" classname="Kubernetes e2e suite" status="skipped" time="0">
              <skipped message="skipped"></skipped>
          </testcase>
          <testcase name="[It] [sig-autoscaling] [VPA] [actuation] [v1] Actuation by default does not evict pods in a 1-Pod Job [Slow]" classname="Kubernetes e2e suite" status="skipped" time="0">
              <skipped message="skipped"></skipped>
          </testcase>
          <testcase name="[It] [sig-autoscaling] [VPA] [actuation] [v1] Actuation by default does not evict pods in a 1-Pod ReplicaSet [Slow]" classname="Kubernetes e2e suite" status="skipped" time="0">
              <skipped message="skipped"></skipped>
          </testcase>
          <testcase name="[It] [sig-autoscaling] [VPA] [actuation] [v1] Actuation by default does not evict pods in a 1-Pod ReplicationController [Slow]" classname="Kubernetes e2e suite" status="skipped" time="0">
              <skipped message="skipped"></skipped>
          </testcase>
          <testcase name="[It] [sig-autoscaling] [VPA] [actuation] [v1] Actuation by default does not evict pods in a 1-Pod StatefulSet [Slow]" classname="Kubernetes e2e suite" status="skipped" time="0">
              <skipped message="skipped"></skipped>
          </testcase>
          <testcase name="[It] [sig-autoscaling] [VPA] [actuation] [v1] Actuation does not act on injected sidecars [Slow]" classname="Kubernetes e2e suite" status="skipped" time="0">
              <skipped message="skipped"></skipped>
          </testcase>
          <testcase name="[It] [sig-autoscaling] [VPA] [actuation] [v1] Actuation does not evict pods when native sidecar recommendations are within bounds [FeatureGate:NativeSidecar] [Alpha] [Feature:OffByDefault]" classname="Kubernetes e2e suite" status="skipped" time="0">
              <skipped message="skipped"></skipped>
          </testcase>
          <testcase name="[It] [sig-autoscaling] [VPA] [actuation] [v1] Actuation evicts and updates pods with native sidecars [FeatureGate:NativeSidecar] [Alpha] [Feature:OffByDefault]" classname="Kubernetes e2e suite" status="skipped" time="0">
              <skipped message="skipped"></skipped>
          </testcase>
          <testcase name="[It] [sig-autoscaling] [VPA] [actuation] [v1] Actuation evicts pods in a multiple-replica CronJob" classname="Kubernetes e2e suite" status="skipped" time="0">
              <skipped message="skipped"></skipped>
          </testcase>
          <testcase name="[It] [sig-autoscaling] [VPA] [actuation] [v1] Actuation evicts pods in a multiple-replica Deployment" classname="Kubernetes e2e suite" status="skipped" time="0">
              <skipped message="skipped"></skipped>
          </testcase>
          <testcase name="[It] [sig-autoscaling] [VPA] [actuation] [v1] Actuation evicts pods in a multiple-replica Job" classname="Kubernetes e2e suite" status="skipped" time="0">
              <skipped message="skipped"></skipped>
          </testcase>
          <testcase name="[It] [sig-autoscaling] [VPA] [actuation] [v1] Actuation evicts pods in a multiple-replica ReplicaSet" classname="Kubernetes e2e suite" status="skipped" time="0">
              <skipped message="skipped"></skipped>
          </testcase>
          <testcase name="[It] [sig-autoscaling] [VPA] [actuation] [v1] Actuation evicts pods in a multiple-replica ReplicationController" classname="Kubernetes e2e suite" status="skipped" time="0">
              <skipped message="skipped"></skipped>
          </testcase>
          <testcase name="[It] [sig-autoscaling] [VPA] [actuation] [v1] Actuation evicts pods in a multiple-replica StatefulSet" classname="Kubernetes e2e suite" status="skipped" time="0">
              <skipped message="skipped"></skipped>
          </testcase>
          <testcase name="[It] [sig-autoscaling] [VPA] [actuation] [v1] Actuation falls back to evicting pods when in-place update is Infeasible when update mode is InPlaceOrRecreate" classname="Kubernetes e2e suite" status="skipped" time="0">
              <skipped message="skipped"></skipped>
          </testcase>
          <testcase name="[It] [sig-autoscaling] [VPA] [actuation] [v1] Actuation falls back to evicting pods when resize is Deferred and more than 5 minute has elapsed since last in-place update when update mode is InPlaceOrRecreate [Serial] [Slow]" classname="Kubernetes e2e suite" status="skipped" time="0">
              <skipped message="skipped"></skipped>
          </testcase>
          <testcase name="[It] [sig-autoscaling] [VPA] [actuation] [v1] Actuation handles in-place updates for native sidecars [FeatureGate:NativeSidecar] [Alpha] [Feature:OffByDefault]" classname="Kubernetes e2e suite" status="skipped" time="0">
              <skipped message="skipped"></skipped>
          </testcase>
          <testcase name="[It] [sig-autoscaling] [VPA] [actuation] [v1] Actuation never applies recommendations when update mode is Off" classname="Kubernetes e2e suite" status="skipped" time="0">
              <skipped message="skipped"></skipped>
          </testcase>
          <testcase name="[It] [sig-autoscaling] [VPA] [actuation] [v1] Actuation observes container max in LimitRange" classname="Kubernetes e2e suite" status="skipped" time="0">
              <skipped message="skipped"></skipped>
          </testcase>
          <testcase name="[It] [sig-autoscaling] [VPA] [actuation] [v1] Actuation observes container min in LimitRange" classname="Kubernetes e2e suite" status="skipped" time="0">
              <skipped message="skipped"></skipped>
          </testcase>
          <testcase name="[It] [sig-autoscaling] [VPA] [actuation] [v1] Actuation observes pod disruption budget" classname="Kubernetes e2e suite" status="skipped" time="0">
              <skipped message="skipped"></skipped>
          </testcase>
          <testcase name="[It] [sig-autoscaling] [VPA] [actuation] [v1] Actuation observes pod max in LimitRange" classname="Kubernetes e2e suite" status="skipped" time="0">
              <skipped message="skipped"></skipped>
          </testcase>
          <testcase name="[It] [sig-autoscaling] [VPA] [actuation] [v1] Actuation observes pod min in LimitRange" classname="Kubernetes e2e suite" status="skipped" time="0">
              <skipped message="skipped"></skipped>
          </testcase>
          <testcase name="[It] [sig-autoscaling] [VPA] [actuation] [v1] Actuation still applies recommendations on restart when update mode is InPlaceOrRecreate" classname="Kubernetes e2e suite" status="skipped" time="0">
              <skipped message="skipped"></skipped>
          </testcase>
          <testcase name="[It] [sig-autoscaling] [VPA] [actuation] [v1] Actuation stops when pods get pending" classname="Kubernetes e2e suite" status="skipped" time="0">
              <skipped message="skipped"></skipped>
          </testcase>
          <testcase name="[It] [sig-autoscaling] [VPA] [actuation] [v1] Actuation when configured, evicts pods in a 1-Pod CronJob" classname="Kubernetes e2e suite" status="skipped" time="0">
              <skipped message="skipped"></skipped>
          </testcase>
          <testcase name="[It] [sig-autoscaling] [VPA] [actuation] [v1] Actuation when configured, evicts pods in a 1-Pod Deployment" classname="Kubernetes e2e suite" status="skipped" time="0">
              <skipped message="skipped"></skipped>
          </testcase>
          <testcase name="[It] [sig-autoscaling] [VPA] [actuation] [v1] Actuation when configured, evicts pods in a 1-Pod Job" classname="Kubernetes e2e suite" status="skipped" time="0">
              <skipped message="skipped"></skipped>
          </testcase>
          <testcase name="[It] [sig-autoscaling] [VPA] [actuation] [v1] Actuation when configured, evicts pods in a 1-Pod ReplicaSet" classname="Kubernetes e2e suite" status="skipped" time="0">
              <skipped message="skipped"></skipped>
          </testcase>
          <testcase name="[It] [sig-autoscaling] [VPA] [actuation] [v1] Actuation when configured, evicts pods in a 1-Pod ReplicationController" classname="Kubernetes e2e suite" status="skipped" time="0">
              <skipped message="skipped"></skipped>
          </testcase>
          <testcase name="[It] [sig-autoscaling] [VPA] [actuation] [v1] Actuation when configured, evicts pods in a 1-Pod StatefulSet" classname="Kubernetes e2e suite" status="skipped" time="0">
              <skipped message="skipped"></skipped>
          </testcase>
          <testcase name="[It] [sig-autoscaling] [VPA] [admission-controller] [v1] Admission-controller accepts valid and rejects invalid VPA object" classname="Kubernetes e2e suite" status="skipped" time="0">
              <skipped message="skipped"></skipped>
          </testcase>
          <testcase name="[It] [sig-autoscaling] [VPA] [admission-controller] [v1] Admission-controller accepts valid and rejects invalid VPA object with features.PerVPAConfig enabled [FeatureGate:PerVPAConfig] [Alpha] [Feature:OffByDefault]" classname="Kubernetes e2e suite" status="skipped" time="0">
              <skipped message="skipped"></skipped>
          </testcase>
          <testcase name="[It] [sig-autoscaling] [VPA] [admission-controller] [v1] Admission-controller caps request according to container max limit set in LimitRange" classname="Kubernetes e2e suite" status="skipped" time="0">
              <skipped message="skipped"></skipped>
          </testcase>
          <testcase name="[It] [sig-autoscaling] [VPA] [admission-controller] [v1] Admission-controller caps request according to pod max limit set in LimitRange" classname="Kubernetes e2e suite" status="skipped" time="0">
              <skipped message="skipped"></skipped>
          </testcase>
          <testcase name="[It] [sig-autoscaling] [VPA] [admission-controller] [v1] Admission-controller caps request to max set in VPA" classname="Kubernetes e2e suite" status="skipped" time="0">
              <skipped message="skipped"></skipped>
          </testcase>
          <testcase name="[It] [sig-autoscaling] [VPA] [admission-controller] [v1] Admission-controller doesn&#39;t block patches" classname="Kubernetes e2e suite" status="skipped" time="0">
              <skipped message="skipped"></skipped>
          </testcase>
          <testcase name="[It] [sig-autoscaling] [VPA] [admission-controller] [v1] Admission-controller keeps limits equal to request" classname="Kubernetes e2e suite" status="skipped" time="0">
              <skipped message="skipped"></skipped>
          </testcase>
          <testcase name="[It] [sig-autoscaling] [VPA] [admission-controller] [v1] Admission-controller keeps limits to request ratio constant" classname="Kubernetes e2e suite" status="skipped" time="0">
              <skipped message="skipped"></skipped>
          </testcase>
          <testcase name="[It] [sig-autoscaling] [VPA] [admission-controller] [v1] Admission-controller keeps limits unchanged when container controlled values is requests only" classname="Kubernetes e2e suite" status="skipped" time="0">
              <skipped message="skipped"></skipped>
          </testcase>
          <testcase name="[It] [sig-autoscaling] [VPA] [admission-controller] [v1] Admission-controller leaves users request when no recommendation" classname="Kubernetes e2e suite" status="skipped" time="0">
              <skipped message="skipped"></skipped>
          </testcase>
          <testcase name="[It] [sig-autoscaling] [VPA] [admission-controller] [v1] Admission-controller passes empty request when no recommendation and no user-specified request" classname="Kubernetes e2e suite" status="skipped" time="0">
              <skipped message="skipped"></skipped>
          </testcase>
          <testcase name="[It] [sig-autoscaling] [VPA] [admission-controller] [v1] Admission-controller raises request according to container min limit set in LimitRange" classname="Kubernetes e2e suite" status="skipped" time="0">
              <skipped message="skipped"></skipped>
          </testcase>
          <testcase name="[It] [sig-autoscaling] [VPA] [admission-controller] [v1] Admission-controller raises request according to pod min limit set in LimitRange" classname="Kubernetes e2e suite" status="skipped" time="0">
              <skipped message="skipped"></skipped>
          </testcase>
          <testcase name="[It] [sig-autoscaling] [VPA] [admission-controller] [v1] Admission-controller raises request to min set in VPA" classname="Kubernetes e2e suite" status="skipped" time="0">
              <skipped message="skipped"></skipped>
          </testcase>
          <testcase name="[It] [sig-autoscaling] [VPA] [admission-controller] [v1] Admission-controller reloads the webhook leaf and CA certificate" classname="Kubernetes e2e suite" status="skipped" time="0">
              <skipped message="skipped"></skipped>
          </testcase>
          <testcase name="[It] [sig-autoscaling] [VPA] [admission-controller] [v1] Admission-controller starts pod with default request when one container has a recommendation and one other one doesn&#39;t when a limit range applies" classname="Kubernetes e2e suite" status="skipped" time="0">
              <skipped message="skipped"></skipped>
          </testcase>
          <testcase name="[It] [sig-autoscaling] [VPA] [admission-controller] [v1] Admission-controller starts pod with recommendation when one container has a recommendation and one other one doesn&#39;t" classname="Kubernetes e2e suite" status="skipped" time="0">
              <skipped message="skipped"></skipped>
          </testcase>
          <testcase name="[It] [sig-autoscaling] [VPA] [admission-controller] [v1] Admission-controller starts pods with default request when recommendation includes an extra container when a limit range applies" classname="Kubernetes e2e suite" status="skipped" time="0">
              <skipped message="skipped"></skipped>
          </testcase>
          <testcase name="[It] [sig-autoscaling] [VPA] [admission-controller] [v1] Admission-controller starts pods with new recommended request" classname="Kubernetes e2e suite" status="skipped" time="0">
              <skipped message="skipped"></skipped>
          </testcase>
          <testcase name="[It] [sig-autoscaling] [VPA] [admission-controller] [v1] Admission-controller starts pods with new recommended request when recommendation includes an extra container" classname="Kubernetes e2e suite" status="skipped" time="0">
              <skipped message="skipped"></skipped>
          </testcase>
          <testcase name="[It] [sig-autoscaling] [VPA] [admission-controller] [v1] Admission-controller starts pods with new recommended request with InPlaceOrRecreate mode [FeatureGate:InPlaceOrRecreate] [Beta]" classname="Kubernetes e2e suite" status="skipped" time="0">
              <skipped message="skipped"></skipped>
          </testcase>
          <testcase name="[It] [sig-autoscaling] [VPA] [admission-controller] [v1] Admission-controller starts pods with old recommended request when recommendation has only a container that doesn&#39;t match" classname="Kubernetes e2e suite" status="skipped" time="0">
              <skipped message="skipped"></skipped>
          </testcase>
          <testcase name="[It] [sig-autoscaling] [VPA] [admission-controller] [v1] Admission-controller starts pods with old recommended request when recommendation has only a container that doesn&#39;t match when a limit range applies" classname="Kubernetes e2e suite" status="skipped" time="0">
              <skipped message="skipped"></skipped>
          </testcase>
          <testcase name="[It] [sig-autoscaling] [VPA] [full-vpa] [v1] OOMing pods under VPA have memory requests growing with OOMs" classname="Kubernetes e2e suite" status="skipped" time="0">
              <skipped message="skipped"></skipped>
          </testcase>
          <testcase name="[It] [sig-autoscaling] [VPA] [full-vpa] [v1] Pods under VPA with InPlaceOrRecreate update mode [FeatureGate:InPlaceOrRecreate] [Beta] have cpu requests growing with usage" classname="Kubernetes e2e suite" status="skipped" time="0">
              <skipped message="skipped"></skipped>
          </testcase>
          <testcase name="[It] [sig-autoscaling] [VPA] [full-vpa] [v1] Pods under VPA with InPlaceOrRecreate update mode [FeatureGate:InPlaceOrRecreate] [Beta] have memory requests growing with usage" classname="Kubernetes e2e suite" status="skipped" time="0">
              <skipped message="skipped"></skipped>
          </testcase>
          <testcase name="[It] [sig-autoscaling] [VPA] [full-vpa] [v1] Pods under VPA with Recreate updateMode have cpu requests growing with usage" classname="Kubernetes e2e suite" status="skipped" time="0">
              <skipped message="skipped"></skipped>
          </testcase>
          <testcase name="[It] [sig-autoscaling] [VPA] [full-vpa] [v1] Pods under VPA with Recreate updateMode have memory requests growing with usage" classname="Kubernetes e2e suite" status="skipped" time="0">
              <skipped message="skipped"></skipped>
          </testcase>
          <testcase name="[It] [sig-autoscaling] [VPA] [full-vpa] [v1] Pods under VPA with default recommender explicitly configured have cpu requests growing with usage" classname="Kubernetes e2e suite" status="skipped" time="0">
              <skipped message="skipped"></skipped>
          </testcase>
          <testcase name="[It] [sig-autoscaling] [VPA] [full-vpa] [v1] Pods under VPA with non-recognized recommender explicitly configured deployment not updated by non-recognized recommender [Slow]" classname="Kubernetes e2e suite" status="skipped" time="0">
              <skipped message="skipped"></skipped>
          </testcase>
          <testcase name="[It] [sig-autoscaling] [VPA] [recommender] [v1] Checkpoints with missing VPA objects are garbage collected [Slow]" classname="Kubernetes e2e suite" status="failed" time="900.034868125">
              <failure message="" type="failed">[FAILED] Unexpected error:&#xA;    &lt;*fmt.wrapError | 0x14000f90400&gt;: &#xA;    client rate limiter Wait returned an error: context deadline exceeded&#xA;    {&#xA;        msg: &#34;client rate limiter Wait returned an error: context deadline exceeded&#34;,&#xA;        err: &lt;context.deadlineExceededError&gt;{},&#xA;    }&#xA;occurred&#xA;In [It] at: /Users/julian.lawrence/Code/jklaw90/autoscaler/vertical-pod-autoscaler/e2e/v1/recommender.go:172 @ 12/26/25 10:47:41.801&#xA;</failure>
              <system-err>&gt; Enter [BeforeEach] [sig-autoscaling] [VPA] [recommender] [v1] Checkpoints - set up framework | framework.go:200 @ 12/26/25 10:31:35.371&#xA;STEP: Creating a kubernetes client - /Users/julian.lawrence/go/pkg/mod/k8s.io/kubernetes@v1.34.0/test/e2e/framework/framework.go:220 @ 12/26/25 10:31:35.371&#xA;I1226 10:31:35.371424 94964 util.go:454] &gt;&gt;&gt; kubeConfig: /Users/julian.lawrence/.kube/config&#xA;STEP: Building a namespace api object, basename vertical-pod-autoscaling - /Users/julian.lawrence/go/pkg/mod/k8s.io/kubernetes@v1.34.0/test/e2e/framework/framework.go:259 @ 12/26/25 10:31:35.372&#xA;STEP: Waiting for a default service account to be provisioned in namespace - /Users/julian.lawrence/go/pkg/mod/k8s.io/kubernetes@v1.34.0/test/e2e/framework/framework.go:268 @ 12/26/25 10:31:35.379&#xA;STEP: Waiting for kube-root-ca.crt to be provisioned in namespace - /Users/julian.lawrence/go/pkg/mod/k8s.io/kubernetes@v1.34.0/test/e2e/framework/framework.go:271 @ 12/26/25 10:31:35.381&#xA;&lt; Exit [BeforeEach] [sig-autoscaling] [VPA] [recommender] [v1] Checkpoints - set up framework | framework.go:200 @ 12/26/25 10:31:35.383 (12ms)&#xA;&gt; Enter [It] with missing VPA objects are garbage collected [Slow] - /Users/julian.lawrence/Code/jklaw90/autoscaler/vertical-pod-autoscaler/e2e/v1/recommender.go:139 @ 12/26/25 10:31:35.383&#xA;I1226 10:31:35.383475 94964 util.go:454] &gt;&gt;&gt; kubeConfig: /Users/julian.lawrence/.kube/config&#xA;I1226 10:31:35.398903   94964 recommender.go:156] &#34;Polling for up to 15 minutes...&#34;&#xA;E1226 10:47:41.801172   94964 recommender.go:162] &#34;Error listing VPA checkpoints&#34; err=&#34;client rate limiter Wait returned an error: context deadline exceeded&#34;&#xA;[FAILED] Unexpected error:&#xA;    &lt;*fmt.wrapError | 0x14000f90400&gt;: &#xA;    client rate limiter Wait returned an error: context deadline exceeded&#xA;    {&#xA;        msg: &#34;client rate limiter Wait returned an error: context deadline exceeded&#34;,&#xA;        err: &lt;context.deadlineExceededError&gt;{},&#xA;    }&#xA;occurred&#xA;In [It] at: /Users/julian.lawrence/Code/jklaw90/autoscaler/vertical-pod-autoscaler/e2e/v1/recommender.go:172 @ 12/26/25 10:47:41.801&#xA;&lt; Exit [It] with missing VPA objects are garbage collected [Slow] - /Users/julian.lawrence/Code/jklaw90/autoscaler/vertical-pod-autoscaler/e2e/v1/recommender.go:139 @ 12/26/25 10:47:41.801 (15m0.017s)&#xA;&gt; Enter [DeferCleanup (Each)] [sig-autoscaling] [VPA] [recommender] [v1] Checkpoints - dump namespaces | framework.go:218 @ 12/26/25 10:47:41.802&#xA;&lt; Exit [DeferCleanup (Each)] [sig-autoscaling] [VPA] [recommender] [v1] Checkpoints - dump namespaces | framework.go:218 @ 12/26/25 10:47:41.802 (0s)&#xA;&gt; Enter [DeferCleanup (Each)] [sig-autoscaling] [VPA] [recommender] [v1] Checkpoints - tear down framework | framework.go:215 @ 12/26/25 10:47:41.802&#xA;STEP: Destroying namespace &#34;vertical-pod-autoscaling-1848&#34; for this suite. - /Users/julian.lawrence/go/pkg/mod/k8s.io/kubernetes@v1.34.0/test/e2e/framework/framework.go:360 @ 12/26/25 10:47:41.802&#xA;&lt; Exit [DeferCleanup (Each)] [sig-autoscaling] [VPA] [recommender] [v1] Checkpoints - tear down framework | framework.go:215 @ 12/26/25 10:47:41.806 (5ms)&#xA;</system-err>
          </testcase>
          <testcase name="[It] [sig-autoscaling] [VPA] [recommender] [v1] VPA CRD object doesn&#39;t drop lower/upper after recommender&#39;s restart [Serial] [Slow]" classname="Kubernetes e2e suite" status="skipped" time="0">
              <skipped message="skipped"></skipped>
          </testcase>
          <testcase name="[It] [sig-autoscaling] [VPA] [recommender] [v1] VPA CRD object generates recommendations for native sidecar containers [FeatureGate:NativeSidecar] [Alpha] [Feature:OffByDefault]" classname="Kubernetes e2e suite" status="failed" time="0.024077208">
              <failure message="" type="failed">[FAILED] when creating deployment with size 0&#xA;Unexpected error:&#xA;    &lt;*errors.StatusError | 0x14000a49040&gt;: &#xA;    Deployment.apps &#34;hamster-deployment&#34; is invalid: spec.template.spec.initContainers[1].restartPolicy: Unsupported value: &#34;Never&#34;: supported values: &#34;Always&#34;&#xA;    {&#xA;        ErrStatus: &#xA;            code: 422&#xA;            details:&#xA;              causes:&#xA;              - field: spec.template.spec.initContainers[1].restartPolicy&#xA;                message: &#39;Unsupported value: &#34;Never&#34;: supported values: &#34;Always&#34;&#39;&#xA;                reason: FieldValueNotSupported&#xA;              group: apps&#xA;              kind: Deployment&#xA;              name: hamster-deployment&#xA;            message: &#39;Deployment.apps &#34;hamster-deployment&#34; is invalid: spec.template.spec.initContainers[1].restartPolicy:&#xA;              Unsupported value: &#34;Never&#34;: supported values: &#34;Always&#34;&#39;&#xA;            metadata: {}&#xA;            reason: Invalid&#xA;            status: Failure,&#xA;    }&#xA;occurred&#xA;In [It] at: /Users/julian.lawrence/Code/jklaw90/autoscaler/vertical-pod-autoscaler/e2e/utils/common.go:269 @ 12/26/25 10:48:02.904&#xA;</failure>
              <system-err>&gt; Enter [BeforeEach] [sig-autoscaling] [VPA] [recommender] [v1] VPA CRD object - set up framework | framework.go:200 @ 12/26/25 10:48:02.886&#xA;STEP: Creating a kubernetes client - /Users/julian.lawrence/go/pkg/mod/k8s.io/kubernetes@v1.34.0/test/e2e/framework/framework.go:220 @ 12/26/25 10:48:02.886&#xA;I1226 10:48:02.886156 94965 util.go:454] &gt;&gt;&gt; kubeConfig: /Users/julian.lawrence/.kube/config&#xA;STEP: Building a namespace api object, basename vertical-pod-autoscaling - /Users/julian.lawrence/go/pkg/mod/k8s.io/kubernetes@v1.34.0/test/e2e/framework/framework.go:259 @ 12/26/25 10:48:02.886&#xA;STEP: Waiting for a default service account to be provisioned in namespace - /Users/julian.lawrence/go/pkg/mod/k8s.io/kubernetes@v1.34.0/test/e2e/framework/framework.go:268 @ 12/26/25 10:48:02.895&#xA;STEP: Waiting for kube-root-ca.crt to be provisioned in namespace - /Users/julian.lawrence/go/pkg/mod/k8s.io/kubernetes@v1.34.0/test/e2e/framework/framework.go:271 @ 12/26/25 10:48:02.898&#xA;&lt; Exit [BeforeEach] [sig-autoscaling] [VPA] [recommender] [v1] VPA CRD object - set up framework | framework.go:200 @ 12/26/25 10:48:02.901 (15ms)&#xA;&gt; Enter [BeforeEach] [sig-autoscaling] [VPA] [recommender] [v1] VPA CRD object - /Users/julian.lawrence/Code/jklaw90/autoscaler/vertical-pod-autoscaler/e2e/v1/recommender.go:371 @ 12/26/25 10:48:02.901&#xA;I1226 10:48:02.901496 94965 util.go:454] &gt;&gt;&gt; kubeConfig: /Users/julian.lawrence/.kube/config&#xA;&lt; Exit [BeforeEach] [sig-autoscaling] [VPA] [recommender] [v1] VPA CRD object - /Users/julian.lawrence/Code/jklaw90/autoscaler/vertical-pod-autoscaler/e2e/v1/recommender.go:371 @ 12/26/25 10:48:02.902 (1ms)&#xA;&gt; Enter [It] generates recommendations for native sidecar containers [FeatureGate:NativeSidecar] [Alpha] [Feature:OffByDefault] - /Users/julian.lawrence/Code/jklaw90/autoscaler/vertical-pod-autoscaler/e2e/v1/recommender.go:482 @ 12/26/25 10:48:02.902&#xA;STEP: Setting up a hamster deployment with native sidecar - /Users/julian.lawrence/Code/jklaw90/autoscaler/vertical-pod-autoscaler/e2e/v1/recommender.go:483 @ 12/26/25 10:48:02.902&#xA;[FAILED] when creating deployment with size 0&#xA;Unexpected error:&#xA;    &lt;*errors.StatusError | 0x14000a49040&gt;: &#xA;    Deployment.apps &#34;hamster-deployment&#34; is invalid: spec.template.spec.initContainers[1].restartPolicy: Unsupported value: &#34;Never&#34;: supported values: &#34;Always&#34;&#xA;    {&#xA;        ErrStatus: &#xA;            code: 422&#xA;            details:&#xA;              causes:&#xA;              - field: spec.template.spec.initContainers[1].restartPolicy&#xA;                message: &#39;Unsupported value: &#34;Never&#34;: supported values: &#34;Always&#34;&#39;&#xA;                reason: FieldValueNotSupported&#xA;              group: apps&#xA;              kind: Deployment&#xA;              name: hamster-deployment&#xA;            message: &#39;Deployment.apps &#34;hamster-deployment&#34; is invalid: spec.template.spec.initContainers[1].restartPolicy:&#xA;              Unsupported value: &#34;Never&#34;: supported values: &#34;Always&#34;&#39;&#xA;            metadata: {}&#xA;            reason: Invalid&#xA;            status: Failure,&#xA;    }&#xA;occurred&#xA;In [It] at: /Users/julian.lawrence/Code/jklaw90/autoscaler/vertical-pod-autoscaler/e2e/utils/common.go:269 @ 12/26/25 10:48:02.904&#xA;&lt; Exit [It] generates recommendations for native sidecar containers [FeatureGate:NativeSidecar] [Alpha] [Feature:OffByDefault] - /Users/julian.lawrence/Code/jklaw90/autoscaler/vertical-pod-autoscaler/e2e/v1/recommender.go:482 @ 12/26/25 10:48:02.904 (2ms)&#xA;&gt; Enter [DeferCleanup (Each)] [sig-autoscaling] [VPA] [recommender] [v1] VPA CRD object - dump namespaces | framework.go:218 @ 12/26/25 10:48:02.904&#xA;&lt; Exit [DeferCleanup (Each)] [sig-autoscaling] [VPA] [recommender] [v1] VPA CRD object - dump namespaces | framework.go:218 @ 12/26/25 10:48:02.904 (0s)&#xA;&gt; Enter [DeferCleanup (Each)] [sig-autoscaling] [VPA] [recommender] [v1] VPA CRD object - tear down framework | framework.go:215 @ 12/26/25 10:48:02.904&#xA;STEP: Destroying namespace &#34;vertical-pod-autoscaling-7664&#34; for this suite. - /Users/julian.lawrence/go/pkg/mod/k8s.io/kubernetes@v1.34.0/test/e2e/framework/framework.go:360 @ 12/26/25 10:48:02.905&#xA;&lt; Exit [DeferCleanup (Each)] [sig-autoscaling] [VPA] [recommender] [v1] VPA CRD object - tear down framework | framework.go:215 @ 12/26/25 10:48:02.909 (5ms)&#xA;</system-err>
          </testcase>
          <testcase name="[It] [sig-autoscaling] [VPA] [recommender] [v1] VPA CRD object have memory requests growing with OOMs more than the default [FeatureGate:PerVPAConfig] [Alpha] [Feature:OffByDefault]" classname="Kubernetes e2e suite" status="interrupted" time="405.810288875">
              <error message="" type="interrupted">[INTERRUPTED] Interrupted by User&#xA;In [It] at: /Users/julian.lawrence/Code/jklaw90/autoscaler/vertical-pod-autoscaler/e2e/v1/recommender.go:427 @ 12/26/25 10:54:27.604&#xA;&#xA;This is the Progress Report generated when the interrupt was received:&#xA;  [sig-autoscaling] [VPA] [recommender] [v1] VPA CRD object have memory requests growing with OOMs more than the default [FeatureGate:PerVPAConfig] [Alpha] [Feature:OffByDefault] (Spec Runtime: 6m45.796s)&#xA;    /Users/julian.lawrence/Code/jklaw90/autoscaler/vertical-pod-autoscaler/e2e/v1/recommender.go:427&#xA;    In [It] (Node Runtime: 6m45.778s)&#xA;      /Users/julian.lawrence/Code/jklaw90/autoscaler/vertical-pod-autoscaler/e2e/v1/recommender.go:427&#xA;      At [By Step] Waiting for recommendation to be filled (Step Runtime: 6m30.707s)&#xA;        /Users/julian.lawrence/Code/jklaw90/autoscaler/vertical-pod-autoscaler/e2e/v1/recommender.go:458&#xA;&#xA;      Spec Goroutine&#xA;      goroutine 301 [select]&#xA;        k8s.io/apimachinery/pkg/util/wait.loopConditionUntilContext({0x103445c60, 0x140002e5570}, {0x1034305b8, 0x1400099d000}, 0x1, 0x0, 0x140007a75f8)&#xA;          /Users/julian.lawrence/go/pkg/mod/k8s.io/apimachinery@v0.34.1/pkg/util/wait/loop.go:66&#xA;        k8s.io/apimachinery/pkg/util/wait.PollUntilContextTimeout({0x103445ad8?, 0x104e9a460?}, 0x2540be400, 0x0?, 0x1, 0x14000a575f8)&#xA;          /Users/julian.lawrence/go/pkg/mod/k8s.io/apimachinery@v0.34.1/pkg/util/wait/poll.go:48&#xA;      &gt; k8s.io/autoscaler/vertical-pod-autoscaler/e2e/utils.WaitForVPAMatch({0x1034494c0?, 0x14000aa74d0?}, 0x14000614b00, 0x14000ae0ec0?)&#xA;          /Users/julian.lawrence/Code/jklaw90/autoscaler/vertical-pod-autoscaler/e2e/utils/common.go:319&#xA;            | func WaitForVPAMatch(c vpa_clientset.Interface, vpa *vpa_types.VerticalPodAutoscaler, match func(vpa *vpa_types.VerticalPodAutoscaler) bool) (*vpa_types.VerticalPodAutoscaler, error) {&#xA;            | &#x9;var polledVpa *vpa_types.VerticalPodAutoscaler&#xA;            &gt; &#x9;err := wait.PollUntilContextTimeout(context.Background(), PollInterval, PollTimeout, true, func(ctx context.Context) (done bool, err error) {&#xA;            | &#x9;&#x9;polledVpa, err = c.AutoscalingV1().VerticalPodAutoscalers(vpa.Namespace).Get(context.TODO(), vpa.Name, metav1.GetOptions{})&#xA;            | &#x9;&#x9;if err != nil {&#xA;      &gt; k8s.io/autoscaler/vertical-pod-autoscaler/e2e/utils.WaitForRecommendationPresent({0x1034494c0?, 0x14000aa74d0?}, 0x0?)&#xA;          /Users/julian.lawrence/Code/jklaw90/autoscaler/vertical-pod-autoscaler/e2e/utils/common.go:310&#xA;            | // polled vpa object. On timeout returns error.&#xA;            | func WaitForRecommendationPresent(c vpa_clientset.Interface, vpa *vpa_types.VerticalPodAutoscaler) (*vpa_types.VerticalPodAutoscaler, error) {&#xA;            &gt; &#x9;return WaitForVPAMatch(c, vpa, func(vpa *vpa_types.VerticalPodAutoscaler) bool {&#xA;            | &#x9;&#x9;return vpa.Status.Recommendation != nil &amp;&amp; len(vpa.Status.Recommendation.ContainerRecommendations) != 0&#xA;            | &#x9;})&#xA;      &gt; k8s.io/autoscaler/vertical-pod-autoscaler/e2e/v1.init.func15.4()&#xA;          /Users/julian.lawrence/Code/jklaw90/autoscaler/vertical-pod-autoscaler/e2e/v1/recommender.go:459&#xA;            | &#xA;            | ginkgo.By(&#34;Waiting for recommendation to be filled&#34;)&#xA;            &gt; vpa, err := utils.WaitForRecommendationPresent(vpaClientSet, vpaCRD)&#xA;            | gomega.Expect(err).NotTo(gomega.HaveOccurred())&#xA;            | gomega.Expect(vpa.Status.Recommendation.ContainerRecommendations).Should(gomega.HaveLen(1))&#xA;        github.com/onsi/ginkgo/v2/internal.extractBodyFunction.func3({0x1030888a0?, 0x100a36604?})&#xA;          /Users/julian.lawrence/go/pkg/mod/github.com/onsi/ginkgo/v2@v2.25.1/internal/node.go:512&#xA;        github.com/onsi/ginkgo/v2/internal.(*Suite).runNode.func3()&#xA;          /Users/julian.lawrence/go/pkg/mod/github.com/onsi/ginkgo/v2@v2.25.1/internal/suite.go:922&#xA;        github.com/onsi/ginkgo/v2/internal.(*Suite).runNode in goroutine 155&#xA;          /Users/julian.lawrence/go/pkg/mod/github.com/onsi/ginkgo/v2@v2.25.1/internal/suite.go:887&#xA;&#xA;      Goroutines of Interest&#xA;      goroutine 1 [chan receive, 21 minutes]&#xA;        testing.(*T).Run(0x14000583500, {0x102738ed5?, 0x140000779c8?}, 0x1033ff7b0)&#xA;          /opt/homebrew/Cellar/go/1.25.4/libexec/src/testing/testing.go:2005&#xA;        testing.runTests.func1(0x14000583500)&#xA;          /opt/homebrew/Cellar/go/1.25.4/libexec/src/testing/testing.go:2477&#xA;        testing.tRunner(0x14000583500, 0x14000077af8)&#xA;          /opt/homebrew/Cellar/go/1.25.4/libexec/src/testing/testing.go:1934&#xA;        testing.runTests(0x14000a20030, {0x104e005d0, 0x1, 0x1}, {0x1?, 0x0?, 0x0?})&#xA;          /opt/homebrew/Cellar/go/1.25.4/libexec/src/testing/testing.go:2475&#xA;        testing.(*M).Run(0x140005fdd60)&#xA;          /opt/homebrew/Cellar/go/1.25.4/libexec/src/testing/testing.go:2337&#xA;      &gt; k8s.io/autoscaler/vertical-pod-autoscaler/e2e/v1.TestMain(0x140005fdd60)&#xA;          /Users/julian.lawrence/Code/jklaw90/autoscaler/vertical-pod-autoscaler/e2e/v1/e2e_test.go:67&#xA;            | &#x9;}&#xA;            | &#xA;            &gt; &#x9;os.Exit(m.Run())&#xA;            | }&#xA;            | &#xA;        main.main()&#xA;          _testmain.go:47&#xA;&#xA;      Other Goroutines&#xA;      goroutine 155 [running]&#xA;        github.com/onsi/ginkgo/v2/internal.extractRunningGoroutines()&#xA;          /Users/julian.lawrence/go/pkg/mod/github.com/onsi/ginkgo/v2@v2.25.1/internal/progress_report.go:181&#xA;        github.com/onsi/ginkgo/v2/internal.NewProgressReport(_, {{0x1400092c670, 0x1, 0x1}, {0x14000f78c40, 0x1, 0x1}, {0x14000f8c408, 0x1, 0x1}, ...}, ...)&#xA;          /Users/julian.lawrence/go/pkg/mod/github.com/onsi/ginkgo/v2@v2.25.1/internal/progress_report.go:75&#xA;        github.com/onsi/ginkgo/v2/internal.(*Suite).generateProgressReport(_, _)&#xA;          /Users/julian.lawrence/go/pkg/mod/github.com/onsi/ginkgo/v2@v2.25.1/internal/suite.go:386&#xA;        github.com/onsi/ginkgo/v2/internal.(*Suite).runNode(_, {0x4db, 0x4, {0x1400006b680, 0x76}, 0x1400092c8b0, {{0x103da228d, 0x5c}, 0x1ab, {0x0, ...}, ...}, ...}, ...)&#xA;          /Users/julian.lawrence/go/pkg/mod/github.com/onsi/ginkgo/v2@v2.25.1/internal/suite.go:1009&#xA;        github.com/onsi/ginkgo/v2/internal.(*group).attemptSpec(0x1400091b4b8, 0x1, {{0x14000f62c08?, 0x14000f78c40?, 0x1?}, 0x0?})&#xA;          /Users/julian.lawrence/go/pkg/mod/github.com/onsi/ginkgo/v2@v2.25.1/internal/group.go:201&#xA;        github.com/onsi/ginkgo/v2/internal.(*group).run(0x1400091b4b8, {0x14000f90500?, 0x14000072e40?, 0x1?})&#xA;          /Users/julian.lawrence/go/pkg/mod/github.com/onsi/ginkgo/v2@v2.25.1/internal/group.go:351&#xA;        github.com/onsi/ginkgo/v2/internal.(*Suite).runSpecs(0x140002fc808, {0x10275628c, 0x14}, {0x104e9a460, 0x0, 0x0}, {0x104e9a460, 0x0, 0x0}, {0x140000601e4, ...}, ...)&#xA;          /Users/julian.lawrence/go/pkg/mod/github.com/onsi/ginkgo/v2@v2.25.1/internal/suite.go:495&#xA;        github.com/onsi/ginkgo/v2/internal.(*Suite).Run(_, {_, _}, {_, _, _}, {_, _, _}, {_, ...}, ...)&#xA;          /Users/julian.lawrence/go/pkg/mod/github.com/onsi/ginkgo/v2@v2.25.1/internal/suite.go:134&#xA;        github.com/onsi/ginkgo/v2.RunSpecs({0x103411220, 0x140005836c0}, {0x10275628c, 0x14}, {0x0, 0x0, 0x0})&#xA;          /Users/julian.lawrence/go/pkg/mod/github.com/onsi/ginkgo/v2@v2.25.1/core_dsl.go:314&#xA;        k8s.io/autoscaler/vertical-pod-autoscaler/e2e/v1.RunE2ETests(0x140005836c0)&#xA;          /Users/julian.lawrence/Code/jklaw90/autoscaler/vertical-pod-autoscaler/e2e/v1/e2e.go:97&#xA;        k8s.io/autoscaler/vertical-pod-autoscaler/e2e/v1.TestE2E(0x140005836c0?)&#xA;          /Users/julian.lawrence/Code/jklaw90/autoscaler/vertical-pod-autoscaler/e2e/v1/e2e_test.go:71&#xA;        testing.tRunner(0x140005836c0, 0x1033ff7b0)&#xA;          /opt/homebrew/Cellar/go/1.25.4/libexec/src/testing/testing.go:1934&#xA;        testing.(*T).Run in goroutine 1&#xA;          /opt/homebrew/Cellar/go/1.25.4/libexec/src/testing/testing.go:1997&#xA;&#xA;      goroutine 311 [select, 7 minutes]&#xA;        github.com/onsi/ginkgo/v2/internal.(*genericOutputInterceptor).ResumeIntercepting.func1()&#xA;          /Users/julian.lawrence/go/pkg/mod/github.com/onsi/ginkgo/v2@v2.25.1/internal/output_interceptor.go:163&#xA;        github.com/onsi/ginkgo/v2/internal.(*genericOutputInterceptor).ResumeIntercepting in goroutine 155&#xA;          /Users/julian.lawrence/go/pkg/mod/github.com/onsi/ginkgo/v2@v2.25.1/internal/output_interceptor.go:153&#xA;&#xA;      goroutine 154 [syscall]&#xA;        os/signal.signal_recv()&#xA;          /opt/homebrew/Cellar/go/1.25.4/libexec/src/runtime/sigqueue.go:149&#xA;        os/signal.loop()&#xA;          /opt/homebrew/Cellar/go/1.25.4/libexec/src/os/signal/signal_unix.go:23&#xA;        os/signal.Notify.func1.1 in goroutine 1&#xA;          /opt/homebrew/Cellar/go/1.25.4/libexec/src/os/signal/signal.go:152&#xA;&#xA;      goroutine 132 [select]&#xA;        github.com/onsi/ginkgo/v2/internal/interrupt_handler.(*InterruptHandler).registerForInterrupts.func2(0x0?)&#xA;          /Users/julian.lawrence/go/pkg/mod/github.com/onsi/ginkgo/v2@v2.25.1/internal/interrupt_handler/interrupt_handler.go:131&#xA;        github.com/onsi/ginkgo/v2/internal/interrupt_handler.(*InterruptHandler).registerForInterrupts in goroutine 1&#xA;          /Users/julian.lawrence/go/pkg/mod/github.com/onsi/ginkgo/v2@v2.25.1/internal/interrupt_handler/interrupt_handler.go:128&#xA;&#xA;      goroutine 156 [select]&#xA;        k8s.io/klog/v2.(*flushDaemon).run.func1()&#xA;          /Users/julian.lawrence/go/pkg/mod/k8s.io/klog/v2@v2.130.1/klog.go:1141&#xA;        k8s.io/klog/v2.(*flushDaemon).run in goroutine 155&#xA;          /Users/julian.lawrence/go/pkg/mod/k8s.io/klog/v2@v2.130.1/klog.go:1137&#xA;&#xA;      goroutine 157 [IO wait]&#xA;        internal/poll.runtime_pollWait(0x14cb4de00, 0x72)&#xA;          /opt/homebrew/Cellar/go/1.25.4/libexec/src/runtime/netpoll.go:351&#xA;        internal/poll.(*pollDesc).wait(0x140009c2e80?, 0x140011cc000?, 0x0)&#xA;          /opt/homebrew/Cellar/go/1.25.4/libexec/src/internal/poll/fd_poll_runtime.go:84&#xA;        internal/poll.(*pollDesc).waitRead(...)&#xA;          /opt/homebrew/Cellar/go/1.25.4/libexec/src/internal/poll/fd_poll_runtime.go:89&#xA;        internal/poll.(*FD).Read(0x140009c2e80, {0x140011cc000, 0x1000, 0x1000})&#xA;          /opt/homebrew/Cellar/go/1.25.4/libexec/src/internal/poll/fd_unix.go:165&#xA;        net.(*netFD).Read(0x140009c2e80, {0x140011cc000?, 0x1400073fc78?, 0x101e2de60?})&#xA;          /opt/homebrew/Cellar/go/1.25.4/libexec/src/net/fd_posix.go:68&#xA;        net.(*conn).Read(0x1400011c110, {0x140011cc000?, 0x1400073fc78?, 0x101e2dd88?})&#xA;          /opt/homebrew/Cellar/go/1.25.4/libexec/src/net/net.go:196&#xA;        bufio.(*Reader).Read(0x14000702180, {0x140009efec0, 0x1, 0x101e2de70?})&#xA;          /opt/homebrew/Cellar/go/1.25.4/libexec/src/bufio/bufio.go:245&#xA;        io.ReadAtLeast({0x103411560, 0x14000702180}, {0x140009efec0, 0x1, 0x9}, 0x1)&#xA;          /opt/homebrew/Cellar/go/1.25.4/libexec/src/io/io.go:335&#xA;        io.ReadFull(...)&#xA;          /opt/homebrew/Cellar/go/1.25.4/libexec/src/io/io.go:354&#xA;        encoding/gob.decodeUintReader({0x103411560, 0x14000702180}, {0x140009efec0, 0x9, 0x9})&#xA;          /opt/homebrew/Cellar/go/1.25.4/libexec/src/encoding/gob/decode.go:116&#xA;        encoding/gob.(*Decoder).recvMessage(0x1400087c510)&#xA;          /opt/homebrew/Cellar/go/1.25.4/libexec/src/encoding/gob/decoder.go:84&#xA;        encoding/gob.(*Decoder).decodeTypeSequence(0x1400087c510, 0x0)&#xA;          /opt/homebrew/Cellar/go/1.25.4/libexec/src/encoding/gob/decoder.go:150&#xA;        encoding/gob.(*Decoder).DecodeValue(0x1400087c510, {0x102d0f100?, 0x140005df2c0?, 0x1400073fe68?})&#xA;          /opt/homebrew/Cellar/go/1.25.4/libexec/src/encoding/gob/decoder.go:229&#xA;        encoding/gob.(*Decoder).Decode(0x14000545290?, {0x102d0f100?, 0x140005df2c0?})&#xA;          /opt/homebrew/Cellar/go/1.25.4/libexec/src/encoding/gob/decoder.go:206&#xA;        net/rpc.(*gobClientCodec).ReadResponseHeader(0x14000545260?, 0x102cf7380?)&#xA;          /opt/homebrew/Cellar/go/1.25.4/libexec/src/net/rpc/client.go:228&#xA;        net/rpc.(*Client).input(0x14000702240)&#xA;          /opt/homebrew/Cellar/go/1.25.4/libexec/src/net/rpc/client.go:109&#xA;        net/rpc.NewClientWithCodec in goroutine 155&#xA;          /opt/homebrew/Cellar/go/1.25.4/libexec/src/net/rpc/client.go:206&#xA;&#xA;      goroutine 158 [select]&#xA;        github.com/onsi/ginkgo/v2/internal/interrupt_handler.(*InterruptHandler).registerForInterrupts.func1()&#xA;          /Users/julian.lawrence/go/pkg/mod/github.com/onsi/ginkgo/v2@v2.25.1/internal/interrupt_handler/interrupt_handler.go:107&#xA;        github.com/onsi/ginkgo/v2/internal/interrupt_handler.(*InterruptHandler).registerForInterrupts in goroutine 155&#xA;          /Users/julian.lawrence/go/pkg/mod/github.com/onsi/ginkgo/v2@v2.25.1/internal/interrupt_handler/interrupt_handler.go:104&#xA;&#xA;      goroutine 159 [select]&#xA;        github.com/onsi/ginkgo/v2/internal/interrupt_handler.(*InterruptHandler).registerForInterrupts.func2(0x0?)&#xA;          /Users/julian.lawrence/go/pkg/mod/github.com/onsi/ginkgo/v2@v2.25.1/internal/interrupt_handler/interrupt_handler.go:131&#xA;        github.com/onsi/ginkgo/v2/internal/interrupt_handler.(*InterruptHandler).registerForInterrupts in goroutine 155&#xA;          /Users/julian.lawrence/go/pkg/mod/github.com/onsi/ginkgo/v2@v2.25.1/internal/interrupt_handler/interrupt_handler.go:128&#xA;&#xA;      goroutine 133 [select, 21 minutes]&#xA;        github.com/onsi/ginkgo/v2/internal.RegisterForProgressSignal.func1()&#xA;          /Users/julian.lawrence/go/pkg/mod/github.com/onsi/ginkgo/v2@v2.25.1/internal/progress_report.go:32&#xA;        github.com/onsi/ginkgo/v2/internal.RegisterForProgressSignal in goroutine 155&#xA;          /Users/julian.lawrence/go/pkg/mod/github.com/onsi/ginkgo/v2@v2.25.1/internal/progress_report.go:30&#xA;&#xA;      goroutine 169 [select, 7 minutes]&#xA;        github.com/onsi/ginkgo/v2/internal.startPipeFactory(0x1400006f3b0, 0x14000110930)&#xA;          /Users/julian.lawrence/go/pkg/mod/github.com/onsi/ginkgo/v2@v2.25.1/internal/output_interceptor.go:77&#xA;        github.com/onsi/ginkgo/v2/internal.(*genericOutputInterceptor).ResumeIntercepting in goroutine 155&#xA;          /Users/julian.lawrence/go/pkg/mod/github.com/onsi/ginkgo/v2@v2.25.1/internal/output_interceptor.go:143&#xA;&#xA;      goroutine 174 [IO wait]&#xA;        internal/poll.runtime_pollWait(0x14cb4d400, 0x72)&#xA;          /opt/homebrew/Cellar/go/1.25.4/libexec/src/runtime/netpoll.go:351&#xA;        internal/poll.(*pollDesc).wait(0x140009c2480?, 0x14000939000?, 0x0)&#xA;          /opt/homebrew/Cellar/go/1.25.4/libexec/src/internal/poll/fd_poll_runtime.go:84&#xA;        internal/poll.(*pollDesc).waitRead(...)&#xA;          /opt/homebrew/Cellar/go/1.25.4/libexec/src/internal/poll/fd_poll_runtime.go:89&#xA;        internal/poll.(*FD).Read(0x140009c2480, {0x14000939000, 0x1800, 0x1800})&#xA;          /opt/homebrew/Cellar/go/1.25.4/libexec/src/internal/poll/fd_unix.go:165&#xA;        net.(*netFD).Read(0x140009c2480, {0x14000939000?, 0x140011c7828?, 0x1009f4d28?})&#xA;          /opt/homebrew/Cellar/go/1.25.4/libexec/src/net/fd_posix.go:68&#xA;        net.(*conn).Read(0x14000aaa198, {0x14000939000?, 0x30093905a?, 0x14ca9bc08?})&#xA;          /opt/homebrew/Cellar/go/1.25.4/libexec/src/net/net.go:196&#xA;        crypto/tls.(*atLeastReader).Read(0x14000a9e0c0, {0x14000939000?, 0x140011c78e8?, 0x100c927b4?})&#xA;          /opt/homebrew/Cellar/go/1.25.4/libexec/src/crypto/tls/conn.go:816&#xA;        bytes.(*Buffer).ReadFrom(0x1400108e628, {0x1034150a0, 0x14000a9e0c0})&#xA;          /opt/homebrew/Cellar/go/1.25.4/libexec/src/bytes/buffer.go:217&#xA;        crypto/tls.(*Conn).readFromUntil(0x1400108e388, {0x14cb4e040, 0x14000aaa198}, 0x140011c7990?)&#xA;          /opt/homebrew/Cellar/go/1.25.4/libexec/src/crypto/tls/conn.go:838&#xA;        crypto/tls.(*Conn).readRecordOrCCS(0x1400108e388, 0x0)&#xA;          /opt/homebrew/Cellar/go/1.25.4/libexec/src/crypto/tls/conn.go:627&#xA;        crypto/tls.(*Conn).readRecord(...)&#xA;          /opt/homebrew/Cellar/go/1.25.4/libexec/src/crypto/tls/conn.go:589&#xA;        crypto/tls.(*Conn).Read(0x1400108e388, {0x140009ca000, 0x1000, 0x100ffe0dc?})&#xA;          /opt/homebrew/Cellar/go/1.25.4/libexec/src/crypto/tls/conn.go:1392&#xA;        bufio.(*Reader).Read(0x14001008d80, {0x1400035e740, 0x9, 0x100ffe0f4?})&#xA;          /opt/homebrew/Cellar/go/1.25.4/libexec/src/bufio/bufio.go:245&#xA;        io.ReadAtLeast({0x103411560, 0x14001008d80}, {0x1400035e740, 0x9, 0x9}, 0x9)&#xA;          /opt/homebrew/Cellar/go/1.25.4/libexec/src/io/io.go:335&#xA;        io.ReadFull(...)&#xA;          /opt/homebrew/Cellar/go/1.25.4/libexec/src/io/io.go:354&#xA;        golang.org/x/net/http2.readFrameHeader({0x1400035e740, 0x9, 0x100a60e40?}, {0x103411560?, 0x14001008d80?})&#xA;          /Users/julian.lawrence/go/pkg/mod/golang.org/x/net@v0.43.0/http2/frame.go:242&#xA;        golang.org/x/net/http2.(*Framer).ReadFrame(0x1400035e700)&#xA;          /Users/julian.lawrence/go/pkg/mod/golang.org/x/net@v0.43.0/http2/frame.go:506&#xA;        golang.org/x/net/http2.(*clientConnReadLoop).run(0x140011c7f98)&#xA;          /Users/julian.lawrence/go/pkg/mod/golang.org/x/net@v0.43.0/http2/transport.go:2258&#xA;        golang.org/x/net/http2.(*ClientConn).readLoop(0x14000485c00)&#xA;          /Users/julian.lawrence/go/pkg/mod/golang.org/x/net@v0.43.0/http2/transport.go:2127&#xA;        golang.org/x/net/http2.(*Transport).newClientConn in goroutine 173&#xA;          /Users/julian.lawrence/go/pkg/mod/golang.org/x/net@v0.43.0/http2/transport.go:912&#xA;&#xA;      goroutine 312 [IO wait, 7 minutes]&#xA;        internal/poll.runtime_pollWait(0x14cb4dc00, 0x72)&#xA;          /opt/homebrew/Cellar/go/1.25.4/libexec/src/runtime/netpoll.go:351&#xA;        internal/poll.(*pollDesc).wait(0x1400092a480?, 0x14000790000?, 0x1)&#xA;          /opt/homebrew/Cellar/go/1.25.4/libexec/src/internal/poll/fd_poll_runtime.go:84&#xA;        internal/poll.(*pollDesc).waitRead(...)&#xA;          /opt/homebrew/Cellar/go/1.25.4/libexec/src/internal/poll/fd_poll_runtime.go:89&#xA;        internal/poll.(*FD).Read(0x1400092a480, {0x14000790000, 0x8000, 0x8000})&#xA;          /opt/homebrew/Cellar/go/1.25.4/libexec/src/internal/poll/fd_unix.go:165&#xA;        os.(*File).read(...)&#xA;          /opt/homebrew/Cellar/go/1.25.4/libexec/src/os/file_posix.go:29&#xA;        os.(*File).Read(0x1400049c420, {0x14000790000?, 0x14000487638?, 0x1009f1bb8?})&#xA;          /opt/homebrew/Cellar/go/1.25.4/libexec/src/os/file.go:144&#xA;        io.copyBuffer({0x103411240, 0x14000f8c4c8}, {0x103411078, 0x1400049c3d0}, {0x0, 0x0, 0x0})&#xA;          /opt/homebrew/Cellar/go/1.25.4/libexec/src/io/io.go:429&#xA;        io.Copy(...)&#xA;          /opt/homebrew/Cellar/go/1.25.4/libexec/src/io/io.go:388&#xA;        os.genericWriteTo(0x14000487701?, {0x103411240, 0x14000f8c4c8})&#xA;          /opt/homebrew/Cellar/go/1.25.4/libexec/src/os/file.go:295&#xA;        os.(*File).WriteTo(0x104e00890?, {0x103411240?, 0x14000f8c4c8?})&#xA;          /opt/homebrew/Cellar/go/1.25.4/libexec/src/os/file.go:273&#xA;        io.copyBuffer({0x103411240, 0x14000f8c4c8}, {0x103411160, 0x1400049c420}, {0x0, 0x0, 0x0})&#xA;          /opt/homebrew/Cellar/go/1.25.4/libexec/src/io/io.go:411&#xA;        io.Copy(...)&#xA;          /opt/homebrew/Cellar/go/1.25.4/libexec/src/io/io.go:388&#xA;        github.com/onsi/ginkgo/v2/internal.(*genericOutputInterceptor).ResumeIntercepting.func1.1()&#xA;          /Users/julian.lawrence/go/pkg/mod/github.com/onsi/ginkgo/v2@v2.25.1/internal/output_interceptor.go:159&#xA;        github.com/onsi/ginkgo/v2/internal.(*genericOutputInterceptor).ResumeIntercepting.func1 in goroutine 311&#xA;          /Users/julian.lawrence/go/pkg/mod/github.com/onsi/ginkgo/v2@v2.25.1/internal/output_interceptor.go:158&#xA;</error>
              <system-err>&gt; Enter [BeforeEach] [sig-autoscaling] [VPA] [recommender] [v1] VPA CRD object - set up framework | framework.go:200 @ 12/26/25 10:47:41.808&#xA;STEP: Creating a kubernetes client - /Users/julian.lawrence/go/pkg/mod/k8s.io/kubernetes@v1.34.0/test/e2e/framework/framework.go:220 @ 12/26/25 10:47:41.808&#xA;I1226 10:47:41.808924 94964 util.go:454] &gt;&gt;&gt; kubeConfig: /Users/julian.lawrence/.kube/config&#xA;STEP: Building a namespace api object, basename vertical-pod-autoscaling - /Users/julian.lawrence/go/pkg/mod/k8s.io/kubernetes@v1.34.0/test/e2e/framework/framework.go:259 @ 12/26/25 10:47:41.809&#xA;STEP: Waiting for a default service account to be provisioned in namespace - /Users/julian.lawrence/go/pkg/mod/k8s.io/kubernetes@v1.34.0/test/e2e/framework/framework.go:268 @ 12/26/25 10:47:41.821&#xA;STEP: Waiting for kube-root-ca.crt to be provisioned in namespace - /Users/julian.lawrence/go/pkg/mod/k8s.io/kubernetes@v1.34.0/test/e2e/framework/framework.go:271 @ 12/26/25 10:47:41.823&#xA;&lt; Exit [BeforeEach] [sig-autoscaling] [VPA] [recommender] [v1] VPA CRD object - set up framework | framework.go:200 @ 12/26/25 10:47:41.825 (17ms)&#xA;&gt; Enter [BeforeEach] [sig-autoscaling] [VPA] [recommender] [v1] VPA CRD object - /Users/julian.lawrence/Code/jklaw90/autoscaler/vertical-pod-autoscaler/e2e/v1/recommender.go:371 @ 12/26/25 10:47:41.825&#xA;I1226 10:47:41.825978 94964 util.go:454] &gt;&gt;&gt; kubeConfig: /Users/julian.lawrence/.kube/config&#xA;&lt; Exit [BeforeEach] [sig-autoscaling] [VPA] [recommender] [v1] VPA CRD object - /Users/julian.lawrence/Code/jklaw90/autoscaler/vertical-pod-autoscaler/e2e/v1/recommender.go:371 @ 12/26/25 10:47:41.826 (0s)&#xA;&gt; Enter [It] have memory requests growing with OOMs more than the default [FeatureGate:PerVPAConfig] [Alpha] [Feature:OffByDefault] - /Users/julian.lawrence/Code/jklaw90/autoscaler/vertical-pod-autoscaler/e2e/v1/recommender.go:427 @ 12/26/25 10:47:41.826&#xA;I1226 10:47:41.826702 94964 util.go:454] &gt;&gt;&gt; kubeConfig: /Users/julian.lawrence/.kube/config&#xA;STEP: Setting up a hamster deployment - /Users/julian.lawrence/Code/jklaw90/autoscaler/vertical-pod-autoscaler/e2e/v1/recommender.go:435 @ 12/26/25 10:47:41.827&#xA;STEP: Running OOMing RC hamster with 1 replicas - /Users/julian.lawrence/Code/jklaw90/autoscaler/vertical-pod-autoscaler/e2e/v1/autoscaling_utils.go:436 @ 12/26/25 10:47:41.827&#xA;STEP: Creating deployment hamster in namespace vertical-pod-autoscaling-4592 - /Users/julian.lawrence/Code/jklaw90/autoscaler/vertical-pod-autoscaler/e2e/v1/autoscaling_utils.go:455 @ 12/26/25 10:47:41.827&#xA;I1226 10:47:41.831273   94964 runners.go:194] Created deployment with name: hamster, namespace: vertical-pod-autoscaling-4592, replica count: 1&#xA;I1226 10:47:46.882879   94964 runners.go:194] hamster Pods: 1 out of 1 created, 0 running, 1 pending, 0 waiting, 0 inactive, 0 terminating, 0 unknown, 0 runningButNotReady &#xA;I1226 10:47:51.883959   94964 runners.go:194] hamster Pods: 1 out of 1 created, 0 running, 1 pending, 0 waiting, 0 inactive, 0 terminating, 0 unknown, 0 runningButNotReady &#xA;I1226 10:47:56.884909   94964 runners.go:194] hamster Pods: 1 out of 1 created, 0 running, 1 pending, 0 waiting, 0 inactive, 0 terminating, 0 unknown, 0 runningButNotReady &#xA;I1226 10:47:56.887388   94964 runners.go:194] Pod hamster-64c876df4-8v9rd&#x9;kind-control-plane&#x9;Pending&#x9;&lt;nil&gt;&#xA;STEP: Setting up a VPA CRD - /Users/julian.lawrence/Code/jklaw90/autoscaler/vertical-pod-autoscaler/e2e/v1/recommender.go:442 @ 12/26/25 10:47:56.887&#xA;I1226 10:47:56.887493 94964 util.go:454] &gt;&gt;&gt; kubeConfig: /Users/julian.lawrence/.kube/config&#xA;I1226 10:47:56.892840 94964 util.go:454] &gt;&gt;&gt; kubeConfig: /Users/julian.lawrence/.kube/config&#xA;STEP: Waiting for recommendation to be filled - /Users/julian.lawrence/Code/jklaw90/autoscaler/vertical-pod-autoscaler/e2e/v1/recommender.go:458 @ 12/26/25 10:47:56.897&#xA;[INTERRUPTED] Interrupted by User&#xA;In [It] at: /Users/julian.lawrence/Code/jklaw90/autoscaler/vertical-pod-autoscaler/e2e/v1/recommender.go:427 @ 12/26/25 10:54:27.604&#xA;&#xA;This is the Progress Report generated when the interrupt was received:&#xA;  [sig-autoscaling] [VPA] [recommender] [v1] VPA CRD object have memory requests growing with OOMs more than the default [FeatureGate:PerVPAConfig] [Alpha] [Feature:OffByDefault] (Spec Runtime: 6m45.796s)&#xA;    /Users/julian.lawrence/Code/jklaw90/autoscaler/vertical-pod-autoscaler/e2e/v1/recommender.go:427&#xA;    In [It] (Node Runtime: 6m45.778s)&#xA;      /Users/julian.lawrence/Code/jklaw90/autoscaler/vertical-pod-autoscaler/e2e/v1/recommender.go:427&#xA;      At [By Step] Waiting for recommendation to be filled (Step Runtime: 6m30.707s)&#xA;        /Users/julian.lawrence/Code/jklaw90/autoscaler/vertical-pod-autoscaler/e2e/v1/recommender.go:458&#xA;&#xA;      Spec Goroutine&#xA;      goroutine 301 [select]&#xA;        k8s.io/apimachinery/pkg/util/wait.loopConditionUntilContext({0x103445c60, 0x140002e5570}, {0x1034305b8, 0x1400099d000}, 0x1, 0x0, 0x140007a75f8)&#xA;          /Users/julian.lawrence/go/pkg/mod/k8s.io/apimachinery@v0.34.1/pkg/util/wait/loop.go:66&#xA;        k8s.io/apimachinery/pkg/util/wait.PollUntilContextTimeout({0x103445ad8?, 0x104e9a460?}, 0x2540be400, 0x0?, 0x1, 0x14000a575f8)&#xA;          /Users/julian.lawrence/go/pkg/mod/k8s.io/apimachinery@v0.34.1/pkg/util/wait/poll.go:48&#xA;      &gt; k8s.io/autoscaler/vertical-pod-autoscaler/e2e/utils.WaitForVPAMatch({0x1034494c0?, 0x14000aa74d0?}, 0x14000614b00, 0x14000ae0ec0?)&#xA;          /Users/julian.lawrence/Code/jklaw90/autoscaler/vertical-pod-autoscaler/e2e/utils/common.go:319&#xA;            | func WaitForVPAMatch(c vpa_clientset.Interface, vpa *vpa_types.VerticalPodAutoscaler, match func(vpa *vpa_types.VerticalPodAutoscaler) bool) (*vpa_types.VerticalPodAutoscaler, error) {&#xA;            | &#x9;var polledVpa *vpa_types.VerticalPodAutoscaler&#xA;            &gt; &#x9;err := wait.PollUntilContextTimeout(context.Background(), PollInterval, PollTimeout, true, func(ctx context.Context) (done bool, err error) {&#xA;            | &#x9;&#x9;polledVpa, err = c.AutoscalingV1().VerticalPodAutoscalers(vpa.Namespace).Get(context.TODO(), vpa.Name, metav1.GetOptions{})&#xA;            | &#x9;&#x9;if err != nil {&#xA;      &gt; k8s.io/autoscaler/vertical-pod-autoscaler/e2e/utils.WaitForRecommendationPresent({0x1034494c0?, 0x14000aa74d0?}, 0x0?)&#xA;          /Users/julian.lawrence/Code/jklaw90/autoscaler/vertical-pod-autoscaler/e2e/utils/common.go:310&#xA;            | // polled vpa object. On timeout returns error.&#xA;            | func WaitForRecommendationPresent(c vpa_clientset.Interface, vpa *vpa_types.VerticalPodAutoscaler) (*vpa_types.VerticalPodAutoscaler, error) {&#xA;            &gt; &#x9;return WaitForVPAMatch(c, vpa, func(vpa *vpa_types.VerticalPodAutoscaler) bool {&#xA;            | &#x9;&#x9;return vpa.Status.Recommendation != nil &amp;&amp; len(vpa.Status.Recommendation.ContainerRecommendations) != 0&#xA;            | &#x9;})&#xA;      &gt; k8s.io/autoscaler/vertical-pod-autoscaler/e2e/v1.init.func15.4()&#xA;          /Users/julian.lawrence/Code/jklaw90/autoscaler/vertical-pod-autoscaler/e2e/v1/recommender.go:459&#xA;            | &#xA;            | ginkgo.By(&#34;Waiting for recommendation to be filled&#34;)&#xA;            &gt; vpa, err := utils.WaitForRecommendationPresent(vpaClientSet, vpaCRD)&#xA;            | gomega.Expect(err).NotTo(gomega.HaveOccurred())&#xA;            | gomega.Expect(vpa.Status.Recommendation.ContainerRecommendations).Should(gomega.HaveLen(1))&#xA;        github.com/onsi/ginkgo/v2/internal.extractBodyFunction.func3({0x1030888a0?, 0x100a36604?})&#xA;          /Users/julian.lawrence/go/pkg/mod/github.com/onsi/ginkgo/v2@v2.25.1/internal/node.go:512&#xA;        github.com/onsi/ginkgo/v2/internal.(*Suite).runNode.func3()&#xA;          /Users/julian.lawrence/go/pkg/mod/github.com/onsi/ginkgo/v2@v2.25.1/internal/suite.go:922&#xA;        github.com/onsi/ginkgo/v2/internal.(*Suite).runNode in goroutine 155&#xA;          /Users/julian.lawrence/go/pkg/mod/github.com/onsi/ginkgo/v2@v2.25.1/internal/suite.go:887&#xA;&#xA;      Goroutines of Interest&#xA;      goroutine 1 [chan receive, 21 minutes]&#xA;        testing.(*T).Run(0x14000583500, {0x102738ed5?, 0x140000779c8?}, 0x1033ff7b0)&#xA;          /opt/homebrew/Cellar/go/1.25.4/libexec/src/testing/testing.go:2005&#xA;        testing.runTests.func1(0x14000583500)&#xA;          /opt/homebrew/Cellar/go/1.25.4/libexec/src/testing/testing.go:2477&#xA;        testing.tRunner(0x14000583500, 0x14000077af8)&#xA;          /opt/homebrew/Cellar/go/1.25.4/libexec/src/testing/testing.go:1934&#xA;        testing.runTests(0x14000a20030, {0x104e005d0, 0x1, 0x1}, {0x1?, 0x0?, 0x0?})&#xA;          /opt/homebrew/Cellar/go/1.25.4/libexec/src/testing/testing.go:2475&#xA;        testing.(*M).Run(0x140005fdd60)&#xA;          /opt/homebrew/Cellar/go/1.25.4/libexec/src/testing/testing.go:2337&#xA;      &gt; k8s.io/autoscaler/vertical-pod-autoscaler/e2e/v1.TestMain(0x140005fdd60)&#xA;          /Users/julian.lawrence/Code/jklaw90/autoscaler/vertical-pod-autoscaler/e2e/v1/e2e_test.go:67&#xA;            | &#x9;}&#xA;            | &#xA;            &gt; &#x9;os.Exit(m.Run())&#xA;            | }&#xA;            | &#xA;        main.main()&#xA;          _testmain.go:47&#xA;&#xA;      Other Goroutines&#xA;      goroutine 155 [running]&#xA;        github.com/onsi/ginkgo/v2/internal.extractRunningGoroutines()&#xA;          /Users/julian.lawrence/go/pkg/mod/github.com/onsi/ginkgo/v2@v2.25.1/internal/progress_report.go:181&#xA;        github.com/onsi/ginkgo/v2/internal.NewProgressReport(_, {{0x1400092c670, 0x1, 0x1}, {0x14000f78c40, 0x1, 0x1}, {0x14000f8c408, 0x1, 0x1}, ...}, ...)&#xA;          /Users/julian.lawrence/go/pkg/mod/github.com/onsi/ginkgo/v2@v2.25.1/internal/progress_report.go:75&#xA;        github.com/onsi/ginkgo/v2/internal.(*Suite).generateProgressReport(_, _)&#xA;          /Users/julian.lawrence/go/pkg/mod/github.com/onsi/ginkgo/v2@v2.25.1/internal/suite.go:386&#xA;        github.com/onsi/ginkgo/v2/internal.(*Suite).runNode(_, {0x4db, 0x4, {0x1400006b680, 0x76}, 0x1400092c8b0, {{0x103da228d, 0x5c}, 0x1ab, {0x0, ...}, ...}, ...}, ...)&#xA;          /Users/julian.lawrence/go/pkg/mod/github.com/onsi/ginkgo/v2@v2.25.1/internal/suite.go:1009&#xA;        github.com/onsi/ginkgo/v2/internal.(*group).attemptSpec(0x1400091b4b8, 0x1, {{0x14000f62c08?, 0x14000f78c40?, 0x1?}, 0x0?})&#xA;          /Users/julian.lawrence/go/pkg/mod/github.com/onsi/ginkgo/v2@v2.25.1/internal/group.go:201&#xA;        github.com/onsi/ginkgo/v2/internal.(*group).run(0x1400091b4b8, {0x14000f90500?, 0x14000072e40?, 0x1?})&#xA;          /Users/julian.lawrence/go/pkg/mod/github.com/onsi/ginkgo/v2@v2.25.1/internal/group.go:351&#xA;        github.com/onsi/ginkgo/v2/internal.(*Suite).runSpecs(0x140002fc808, {0x10275628c, 0x14}, {0x104e9a460, 0x0, 0x0}, {0x104e9a460, 0x0, 0x0}, {0x140000601e4, ...}, ...)&#xA;          /Users/julian.lawrence/go/pkg/mod/github.com/onsi/ginkgo/v2@v2.25.1/internal/suite.go:495&#xA;        github.com/onsi/ginkgo/v2/internal.(*Suite).Run(_, {_, _}, {_, _, _}, {_, _, _}, {_, ...}, ...)&#xA;          /Users/julian.lawrence/go/pkg/mod/github.com/onsi/ginkgo/v2@v2.25.1/internal/suite.go:134&#xA;        github.com/onsi/ginkgo/v2.RunSpecs({0x103411220, 0x140005836c0}, {0x10275628c, 0x14}, {0x0, 0x0, 0x0})&#xA;          /Users/julian.lawrence/go/pkg/mod/github.com/onsi/ginkgo/v2@v2.25.1/core_dsl.go:314&#xA;        k8s.io/autoscaler/vertical-pod-autoscaler/e2e/v1.RunE2ETests(0x140005836c0)&#xA;          /Users/julian.lawrence/Code/jklaw90/autoscaler/vertical-pod-autoscaler/e2e/v1/e2e.go:97&#xA;        k8s.io/autoscaler/vertical-pod-autoscaler/e2e/v1.TestE2E(0x140005836c0?)&#xA;          /Users/julian.lawrence/Code/jklaw90/autoscaler/vertical-pod-autoscaler/e2e/v1/e2e_test.go:71&#xA;        testing.tRunner(0x140005836c0, 0x1033ff7b0)&#xA;          /opt/homebrew/Cellar/go/1.25.4/libexec/src/testing/testing.go:1934&#xA;        testing.(*T).Run in goroutine 1&#xA;          /opt/homebrew/Cellar/go/1.25.4/libexec/src/testing/testing.go:1997&#xA;&#xA;      goroutine 311 [select, 7 minutes]&#xA;        github.com/onsi/ginkgo/v2/internal.(*genericOutputInterceptor).ResumeIntercepting.func1()&#xA;          /Users/julian.lawrence/go/pkg/mod/github.com/onsi/ginkgo/v2@v2.25.1/internal/output_interceptor.go:163&#xA;        github.com/onsi/ginkgo/v2/internal.(*genericOutputInterceptor).ResumeIntercepting in goroutine 155&#xA;          /Users/julian.lawrence/go/pkg/mod/github.com/onsi/ginkgo/v2@v2.25.1/internal/output_interceptor.go:153&#xA;&#xA;      goroutine 154 [syscall]&#xA;        os/signal.signal_recv()&#xA;          /opt/homebrew/Cellar/go/1.25.4/libexec/src/runtime/sigqueue.go:149&#xA;        os/signal.loop()&#xA;          /opt/homebrew/Cellar/go/1.25.4/libexec/src/os/signal/signal_unix.go:23&#xA;        os/signal.Notify.func1.1 in goroutine 1&#xA;          /opt/homebrew/Cellar/go/1.25.4/libexec/src/os/signal/signal.go:152&#xA;&#xA;      goroutine 132 [select]&#xA;        github.com/onsi/ginkgo/v2/internal/interrupt_handler.(*InterruptHandler).registerForInterrupts.func2(0x0?)&#xA;          /Users/julian.lawrence/go/pkg/mod/github.com/onsi/ginkgo/v2@v2.25.1/internal/interrupt_handler/interrupt_handler.go:131&#xA;        github.com/onsi/ginkgo/v2/internal/interrupt_handler.(*InterruptHandler).registerForInterrupts in goroutine 1&#xA;          /Users/julian.lawrence/go/pkg/mod/github.com/onsi/ginkgo/v2@v2.25.1/internal/interrupt_handler/interrupt_handler.go:128&#xA;&#xA;      goroutine 156 [select]&#xA;        k8s.io/klog/v2.(*flushDaemon).run.func1()&#xA;          /Users/julian.lawrence/go/pkg/mod/k8s.io/klog/v2@v2.130.1/klog.go:1141&#xA;        k8s.io/klog/v2.(*flushDaemon).run in goroutine 155&#xA;          /Users/julian.lawrence/go/pkg/mod/k8s.io/klog/v2@v2.130.1/klog.go:1137&#xA;&#xA;      goroutine 157 [IO wait]&#xA;        internal/poll.runtime_pollWait(0x14cb4de00, 0x72)&#xA;          /opt/homebrew/Cellar/go/1.25.4/libexec/src/runtime/netpoll.go:351&#xA;        internal/poll.(*pollDesc).wait(0x140009c2e80?, 0x140011cc000?, 0x0)&#xA;          /opt/homebrew/Cellar/go/1.25.4/libexec/src/internal/poll/fd_poll_runtime.go:84&#xA;        internal/poll.(*pollDesc).waitRead(...)&#xA;          /opt/homebrew/Cellar/go/1.25.4/libexec/src/internal/poll/fd_poll_runtime.go:89&#xA;        internal/poll.(*FD).Read(0x140009c2e80, {0x140011cc000, 0x1000, 0x1000})&#xA;          /opt/homebrew/Cellar/go/1.25.4/libexec/src/internal/poll/fd_unix.go:165&#xA;        net.(*netFD).Read(0x140009c2e80, {0x140011cc000?, 0x1400073fc78?, 0x101e2de60?})&#xA;          /opt/homebrew/Cellar/go/1.25.4/libexec/src/net/fd_posix.go:68&#xA;        net.(*conn).Read(0x1400011c110, {0x140011cc000?, 0x1400073fc78?, 0x101e2dd88?})&#xA;          /opt/homebrew/Cellar/go/1.25.4/libexec/src/net/net.go:196&#xA;        bufio.(*Reader).Read(0x14000702180, {0x140009efec0, 0x1, 0x101e2de70?})&#xA;          /opt/homebrew/Cellar/go/1.25.4/libexec/src/bufio/bufio.go:245&#xA;        io.ReadAtLeast({0x103411560, 0x14000702180}, {0x140009efec0, 0x1, 0x9}, 0x1)&#xA;          /opt/homebrew/Cellar/go/1.25.4/libexec/src/io/io.go:335&#xA;        io.ReadFull(...)&#xA;          /opt/homebrew/Cellar/go/1.25.4/libexec/src/io/io.go:354&#xA;        encoding/gob.decodeUintReader({0x103411560, 0x14000702180}, {0x140009efec0, 0x9, 0x9})&#xA;          /opt/homebrew/Cellar/go/1.25.4/libexec/src/encoding/gob/decode.go:116&#xA;        encoding/gob.(*Decoder).recvMessage(0x1400087c510)&#xA;          /opt/homebrew/Cellar/go/1.25.4/libexec/src/encoding/gob/decoder.go:84&#xA;        encoding/gob.(*Decoder).decodeTypeSequence(0x1400087c510, 0x0)&#xA;          /opt/homebrew/Cellar/go/1.25.4/libexec/src/encoding/gob/decoder.go:150&#xA;        encoding/gob.(*Decoder).DecodeValue(0x1400087c510, {0x102d0f100?, 0x140005df2c0?, 0x1400073fe68?})&#xA;          /opt/homebrew/Cellar/go/1.25.4/libexec/src/encoding/gob/decoder.go:229&#xA;        encoding/gob.(*Decoder).Decode(0x14000545290?, {0x102d0f100?, 0x140005df2c0?})&#xA;          /opt/homebrew/Cellar/go/1.25.4/libexec/src/encoding/gob/decoder.go:206&#xA;        net/rpc.(*gobClientCodec).ReadResponseHeader(0x14000545260?, 0x102cf7380?)&#xA;          /opt/homebrew/Cellar/go/1.25.4/libexec/src/net/rpc/client.go:228&#xA;        net/rpc.(*Client).input(0x14000702240)&#xA;          /opt/homebrew/Cellar/go/1.25.4/libexec/src/net/rpc/client.go:109&#xA;        net/rpc.NewClientWithCodec in goroutine 155&#xA;          /opt/homebrew/Cellar/go/1.25.4/libexec/src/net/rpc/client.go:206&#xA;&#xA;      goroutine 158 [select]&#xA;        github.com/onsi/ginkgo/v2/internal/interrupt_handler.(*InterruptHandler).registerForInterrupts.func1()&#xA;          /Users/julian.lawrence/go/pkg/mod/github.com/onsi/ginkgo/v2@v2.25.1/internal/interrupt_handler/interrupt_handler.go:107&#xA;        github.com/onsi/ginkgo/v2/internal/interrupt_handler.(*InterruptHandler).registerForInterrupts in goroutine 155&#xA;          /Users/julian.lawrence/go/pkg/mod/github.com/onsi/ginkgo/v2@v2.25.1/internal/interrupt_handler/interrupt_handler.go:104&#xA;&#xA;      goroutine 159 [select]&#xA;        github.com/onsi/ginkgo/v2/internal/interrupt_handler.(*InterruptHandler).registerForInterrupts.func2(0x0?)&#xA;          /Users/julian.lawrence/go/pkg/mod/github.com/onsi/ginkgo/v2@v2.25.1/internal/interrupt_handler/interrupt_handler.go:131&#xA;        github.com/onsi/ginkgo/v2/internal/interrupt_handler.(*InterruptHandler).registerForInterrupts in goroutine 155&#xA;          /Users/julian.lawrence/go/pkg/mod/github.com/onsi/ginkgo/v2@v2.25.1/internal/interrupt_handler/interrupt_handler.go:128&#xA;&#xA;      goroutine 133 [select, 21 minutes]&#xA;        github.com/onsi/ginkgo/v2/internal.RegisterForProgressSignal.func1()&#xA;          /Users/julian.lawrence/go/pkg/mod/github.com/onsi/ginkgo/v2@v2.25.1/internal/progress_report.go:32&#xA;        github.com/onsi/ginkgo/v2/internal.RegisterForProgressSignal in goroutine 155&#xA;          /Users/julian.lawrence/go/pkg/mod/github.com/onsi/ginkgo/v2@v2.25.1/internal/progress_report.go:30&#xA;&#xA;      goroutine 169 [select, 7 minutes]&#xA;        github.com/onsi/ginkgo/v2/internal.startPipeFactory(0x1400006f3b0, 0x14000110930)&#xA;          /Users/julian.lawrence/go/pkg/mod/github.com/onsi/ginkgo/v2@v2.25.1/internal/output_interceptor.go:77&#xA;        github.com/onsi/ginkgo/v2/internal.(*genericOutputInterceptor).ResumeIntercepting in goroutine 155&#xA;          /Users/julian.lawrence/go/pkg/mod/github.com/onsi/ginkgo/v2@v2.25.1/internal/output_interceptor.go:143&#xA;&#xA;      goroutine 174 [IO wait]&#xA;        internal/poll.runtime_pollWait(0x14cb4d400, 0x72)&#xA;          /opt/homebrew/Cellar/go/1.25.4/libexec/src/runtime/netpoll.go:351&#xA;        internal/poll.(*pollDesc).wait(0x140009c2480?, 0x14000939000?, 0x0)&#xA;          /opt/homebrew/Cellar/go/1.25.4/libexec/src/internal/poll/fd_poll_runtime.go:84&#xA;        internal/poll.(*pollDesc).waitRead(...)&#xA;          /opt/homebrew/Cellar/go/1.25.4/libexec/src/internal/poll/fd_poll_runtime.go:89&#xA;        internal/poll.(*FD).Read(0x140009c2480, {0x14000939000, 0x1800, 0x1800})&#xA;          /opt/homebrew/Cellar/go/1.25.4/libexec/src/internal/poll/fd_unix.go:165&#xA;        net.(*netFD).Read(0x140009c2480, {0x14000939000?, 0x140011c7828?, 0x1009f4d28?})&#xA;          /opt/homebrew/Cellar/go/1.25.4/libexec/src/net/fd_posix.go:68&#xA;        net.(*conn).Read(0x14000aaa198, {0x14000939000?, 0x30093905a?, 0x14ca9bc08?})&#xA;          /opt/homebrew/Cellar/go/1.25.4/libexec/src/net/net.go:196&#xA;        crypto/tls.(*atLeastReader).Read(0x14000a9e0c0, {0x14000939000?, 0x140011c78e8?, 0x100c927b4?})&#xA;          /opt/homebrew/Cellar/go/1.25.4/libexec/src/crypto/tls/conn.go:816&#xA;        bytes.(*Buffer).ReadFrom(0x1400108e628, {0x1034150a0, 0x14000a9e0c0})&#xA;          /opt/homebrew/Cellar/go/1.25.4/libexec/src/bytes/buffer.go:217&#xA;        crypto/tls.(*Conn).readFromUntil(0x1400108e388, {0x14cb4e040, 0x14000aaa198}, 0x140011c7990?)&#xA;          /opt/homebrew/Cellar/go/1.25.4/libexec/src/crypto/tls/conn.go:838&#xA;        crypto/tls.(*Conn).readRecordOrCCS(0x1400108e388, 0x0)&#xA;          /opt/homebrew/Cellar/go/1.25.4/libexec/src/crypto/tls/conn.go:627&#xA;        crypto/tls.(*Conn).readRecord(...)&#xA;          /opt/homebrew/Cellar/go/1.25.4/libexec/src/crypto/tls/conn.go:589&#xA;        crypto/tls.(*Conn).Read(0x1400108e388, {0x140009ca000, 0x1000, 0x100ffe0dc?})&#xA;          /opt/homebrew/Cellar/go/1.25.4/libexec/src/crypto/tls/conn.go:1392&#xA;        bufio.(*Reader).Read(0x14001008d80, {0x1400035e740, 0x9, 0x100ffe0f4?})&#xA;          /opt/homebrew/Cellar/go/1.25.4/libexec/src/bufio/bufio.go:245&#xA;        io.ReadAtLeast({0x103411560, 0x14001008d80}, {0x1400035e740, 0x9, 0x9}, 0x9)&#xA;          /opt/homebrew/Cellar/go/1.25.4/libexec/src/io/io.go:335&#xA;        io.ReadFull(...)&#xA;          /opt/homebrew/Cellar/go/1.25.4/libexec/src/io/io.go:354&#xA;        golang.org/x/net/http2.readFrameHeader({0x1400035e740, 0x9, 0x100a60e40?}, {0x103411560?, 0x14001008d80?})&#xA;          /Users/julian.lawrence/go/pkg/mod/golang.org/x/net@v0.43.0/http2/frame.go:242&#xA;        golang.org/x/net/http2.(*Framer).ReadFrame(0x1400035e700)&#xA;          /Users/julian.lawrence/go/pkg/mod/golang.org/x/net@v0.43.0/http2/frame.go:506&#xA;        golang.org/x/net/http2.(*clientConnReadLoop).run(0x140011c7f98)&#xA;          /Users/julian.lawrence/go/pkg/mod/golang.org/x/net@v0.43.0/http2/transport.go:2258&#xA;        golang.org/x/net/http2.(*ClientConn).readLoop(0x14000485c00)&#xA;          /Users/julian.lawrence/go/pkg/mod/golang.org/x/net@v0.43.0/http2/transport.go:2127&#xA;        golang.org/x/net/http2.(*Transport).newClientConn in goroutine 173&#xA;          /Users/julian.lawrence/go/pkg/mod/golang.org/x/net@v0.43.0/http2/transport.go:912&#xA;&#xA;      goroutine 312 [IO wait, 7 minutes]&#xA;        internal/poll.runtime_pollWait(0x14cb4dc00, 0x72)&#xA;          /opt/homebrew/Cellar/go/1.25.4/libexec/src/runtime/netpoll.go:351&#xA;        internal/poll.(*pollDesc).wait(0x1400092a480?, 0x14000790000?, 0x1)&#xA;          /opt/homebrew/Cellar/go/1.25.4/libexec/src/internal/poll/fd_poll_runtime.go:84&#xA;        internal/poll.(*pollDesc).waitRead(...)&#xA;          /opt/homebrew/Cellar/go/1.25.4/libexec/src/internal/poll/fd_poll_runtime.go:89&#xA;        internal/poll.(*FD).Read(0x1400092a480, {0x14000790000, 0x8000, 0x8000})&#xA;          /opt/homebrew/Cellar/go/1.25.4/libexec/src/internal/poll/fd_unix.go:165&#xA;        os.(*File).read(...)&#xA;          /opt/homebrew/Cellar/go/1.25.4/libexec/src/os/file_posix.go:29&#xA;        os.(*File).Read(0x1400049c420, {0x14000790000?, 0x14000487638?, 0x1009f1bb8?})&#xA;          /opt/homebrew/Cellar/go/1.25.4/libexec/src/os/file.go:144&#xA;        io.copyBuffer({0x103411240, 0x14000f8c4c8}, {0x103411078, 0x1400049c3d0}, {0x0, 0x0, 0x0})&#xA;          /opt/homebrew/Cellar/go/1.25.4/libexec/src/io/io.go:429&#xA;        io.Copy(...)&#xA;          /opt/homebrew/Cellar/go/1.25.4/libexec/src/io/io.go:388&#xA;        os.genericWriteTo(0x14000487701?, {0x103411240, 0x14000f8c4c8})&#xA;          /opt/homebrew/Cellar/go/1.25.4/libexec/src/os/file.go:295&#xA;        os.(*File).WriteTo(0x104e00890?, {0x103411240?, 0x14000f8c4c8?})&#xA;          /opt/homebrew/Cellar/go/1.25.4/libexec/src/os/file.go:273&#xA;        io.copyBuffer({0x103411240, 0x14000f8c4c8}, {0x103411160, 0x1400049c420}, {0x0, 0x0, 0x0})&#xA;          /opt/homebrew/Cellar/go/1.25.4/libexec/src/io/io.go:411&#xA;        io.Copy(...)&#xA;          /opt/homebrew/Cellar/go/1.25.4/libexec/src/io/io.go:388&#xA;        github.com/onsi/ginkgo/v2/internal.(*genericOutputInterceptor).ResumeIntercepting.func1.1()&#xA;          /Users/julian.lawrence/go/pkg/mod/github.com/onsi/ginkgo/v2@v2.25.1/internal/output_interceptor.go:159&#xA;        github.com/onsi/ginkgo/v2/internal.(*genericOutputInterceptor).ResumeIntercepting.func1 in goroutine 311&#xA;          /Users/julian.lawrence/go/pkg/mod/github.com/onsi/ginkgo/v2@v2.25.1/internal/output_interceptor.go:158&#xA;Interrupted by User&#xA;First interrupt received; Ginkgo will run any cleanup and reporting nodes but will skip all remaining specs.  Interrupt again to skip cleanup.&#xA;Here&#39;s a current progress report:&#xA;  [sig-autoscaling] [VPA] [recommender] [v1] VPA CRD object have memory requests growing with OOMs more than the default [FeatureGate:PerVPAConfig] [Alpha] [Feature:OffByDefault] (Spec Runtime: 6m45.796s)&#xA;    /Users/julian.lawrence/Code/jklaw90/autoscaler/vertical-pod-autoscaler/e2e/v1/recommender.go:427&#xA;    In [It] (Node Runtime: 6m45.778s)&#xA;      /Users/julian.lawrence/Code/jklaw90/autoscaler/vertical-pod-autoscaler/e2e/v1/recommender.go:427&#xA;      At [By Step] Waiting for recommendation to be filled (Step Runtime: 6m30.707s)&#xA;        /Users/julian.lawrence/Code/jklaw90/autoscaler/vertical-pod-autoscaler/e2e/v1/recommender.go:458&#xA;&#xA;      Spec Goroutine&#xA;      goroutine 301 [select]&#xA;        k8s.io/apimachinery/pkg/util/wait.loopConditionUntilContext({0x103445c60, 0x140002e5570}, {0x1034305b8, 0x1400099d000}, 0x1, 0x0, 0x140007a75f8)&#xA;          /Users/julian.lawrence/go/pkg/mod/k8s.io/apimachinery@v0.34.1/pkg/util/wait/loop.go:66&#xA;        k8s.io/apimachinery/pkg/util/wait.PollUntilContextTimeout({0x103445ad8?, 0x104e9a460?}, 0x2540be400, 0x0?, 0x1, 0x14000a575f8)&#xA;          /Users/julian.lawrence/go/pkg/mod/k8s.io/apimachinery@v0.34.1/pkg/util/wait/poll.go:48&#xA;      &gt; k8s.io/autoscaler/vertical-pod-autoscaler/e2e/utils.WaitForVPAMatch({0x1034494c0?, 0x14000aa74d0?}, 0x14000614b00, 0x14000ae0ec0?)&#xA;          /Users/julian.lawrence/Code/jklaw90/autoscaler/vertical-pod-autoscaler/e2e/utils/common.go:319&#xA;            | func WaitForVPAMatch(c vpa_clientset.Interface, vpa *vpa_types.VerticalPodAutoscaler, match func(vpa *vpa_types.VerticalPodAutoscaler) bool) (*vpa_types.VerticalPodAutoscaler, error) {&#xA;            | &#x9;var polledVpa *vpa_types.VerticalPodAutoscaler&#xA;            &gt; &#x9;err := wait.PollUntilContextTimeout(context.Background(), PollInterval, PollTimeout, true, func(ctx context.Context) (done bool, err error) {&#xA;            | &#x9;&#x9;polledVpa, err = c.AutoscalingV1().VerticalPodAutoscalers(vpa.Namespace).Get(context.TODO(), vpa.Name, metav1.GetOptions{})&#xA;            | &#x9;&#x9;if err != nil {&#xA;      &gt; k8s.io/autoscaler/vertical-pod-autoscaler/e2e/utils.WaitForRecommendationPresent({0x1034494c0?, 0x14000aa74d0?}, 0x0?)&#xA;          /Users/julian.lawrence/Code/jklaw90/autoscaler/vertical-pod-autoscaler/e2e/utils/common.go:310&#xA;            | // polled vpa object. On timeout returns error.&#xA;            | func WaitForRecommendationPresent(c vpa_clientset.Interface, vpa *vpa_types.VerticalPodAutoscaler) (*vpa_types.VerticalPodAutoscaler, error) {&#xA;            &gt; &#x9;return WaitForVPAMatch(c, vpa, func(vpa *vpa_types.VerticalPodAutoscaler) bool {&#xA;            | &#x9;&#x9;return vpa.
[...]
              <skipped message="skipped"></skipped>
          </testcase>
          <testcase name="[It] [sig-storage] EmptyDir volumes should support (non-root,0666,tmpfs) [LinuxOnly] [NodeConformance] [Conformance]" classname="Kubernetes e2e suite" status="skipped" time="0">
              <skipped message="skipped"></skipped>
          </testcase>
          <testcase name="[It] [sig-storage] EmptyDir volumes should support (non-root,0777,default) [LinuxOnly] [NodeConformance] [Conformance]" classname="Kubernetes e2e suite" status="skipped" time="0">
              <skipped message="skipped"></skipped>
          </testcase>
          <testcase name="[It] [sig-storage] EmptyDir volumes should support (non-root,0777,tmpfs) [LinuxOnly] [NodeConformance] [Conformance]" classname="Kubernetes e2e suite" status="skipped" time="0">
              <skipped message="skipped"></skipped>
          </testcase>
          <testcase name="[It] [sig-storage] EmptyDir volumes should support (root,0644,default) [LinuxOnly] [NodeConformance] [Conformance]" classname="Kubernetes e2e suite" status="skipped" time="0">
              <skipped message="skipped"></skipped>
          </testcase>
          <testcase name="[It] [sig-storage] EmptyDir volumes should support (root,0644,tmpfs) [LinuxOnly] [NodeConformance] [Conformance]" classname="Kubernetes e2e suite" status="skipped" time="0">
              <skipped message="skipped"></skipped>
          </testcase>
          <testcase name="[It] [sig-storage] EmptyDir volumes should support (root,0666,default) [LinuxOnly] [NodeConformance] [Conformance]" classname="Kubernetes e2e suite" status="skipped" time="0">
              <skipped message="skipped"></skipped>
          </testcase>
          <testcase name="[It] [sig-storage] EmptyDir volumes should support (root,0666,tmpfs) [LinuxOnly] [NodeConformance] [Conformance]" classname="Kubernetes e2e suite" status="skipped" time="0">
              <skipped message="skipped"></skipped>
          </testcase>
          <testcase name="[It] [sig-storage] EmptyDir volumes should support (root,0777,default) [LinuxOnly] [NodeConformance] [Conformance]" classname="Kubernetes e2e suite" status="skipped" time="0">
              <skipped message="skipped"></skipped>
          </testcase>
          <testcase name="[It] [sig-storage] EmptyDir volumes should support (root,0777,tmpfs) [LinuxOnly] [NodeConformance] [Conformance]" classname="Kubernetes e2e suite" status="skipped" time="0">
              <skipped message="skipped"></skipped>
          </testcase>
          <testcase name="[It] [sig-storage] EmptyDir volumes volume on default medium should have the correct mode [LinuxOnly] [NodeConformance] [Conformance]" classname="Kubernetes e2e suite" status="skipped" time="0">
              <skipped message="skipped"></skipped>
          </testcase>
          <testcase name="[It] [sig-storage] EmptyDir volumes volume on tmpfs should have the correct mode [LinuxOnly] [NodeConformance] [Conformance]" classname="Kubernetes e2e suite" status="skipped" time="0">
              <skipped message="skipped"></skipped>
          </testcase>
          <testcase name="[It] [sig-storage] EmptyDir volumes when FSGroup is specified [LinuxOnly] files with FSGroup ownership should support (root,0644,tmpfs)" classname="Kubernetes e2e suite" status="skipped" time="0">
              <skipped message="skipped"></skipped>
          </testcase>
          <testcase name="[It] [sig-storage] EmptyDir volumes when FSGroup is specified [LinuxOnly] new files should be created with FSGroup ownership when container is non-root" classname="Kubernetes e2e suite" status="skipped" time="0">
              <skipped message="skipped"></skipped>
          </testcase>
          <testcase name="[It] [sig-storage] EmptyDir volumes when FSGroup is specified [LinuxOnly] new files should be created with FSGroup ownership when container is root" classname="Kubernetes e2e suite" status="skipped" time="0">
              <skipped message="skipped"></skipped>
          </testcase>
          <testcase name="[It] [sig-storage] EmptyDir volumes when FSGroup is specified [LinuxOnly] nonexistent volume subPath should have the correct mode and owner using FSGroup" classname="Kubernetes e2e suite" status="skipped" time="0">
              <skipped message="skipped"></skipped>
          </testcase>
          <testcase name="[It] [sig-storage] EmptyDir volumes when FSGroup is specified [LinuxOnly] volume on default medium should have the correct mode using FSGroup" classname="Kubernetes e2e suite" status="skipped" time="0">
              <skipped message="skipped"></skipped>
          </testcase>
          <testcase name="[It] [sig-storage] EmptyDir volumes when FSGroup is specified [LinuxOnly] volume on tmpfs should have the correct mode using FSGroup" classname="Kubernetes e2e suite" status="skipped" time="0">
              <skipped message="skipped"></skipped>
          </testcase>
          <testcase name="[It] [sig-storage] HostPath should give a volume the correct mode [LinuxOnly] [NodeConformance]" classname="Kubernetes e2e suite" status="skipped" time="0">
              <skipped message="skipped"></skipped>
          </testcase>
          <testcase name="[It] [sig-storage] HostPath should support r/w [NodeConformance]" classname="Kubernetes e2e suite" status="skipped" time="0">
              <skipped message="skipped"></skipped>
          </testcase>
          <testcase name="[It] [sig-storage] HostPath should support subPath [NodeConformance]" classname="Kubernetes e2e suite" status="skipped" time="0">
              <skipped message="skipped"></skipped>
          </testcase>
          <testcase name="[It] [sig-storage] Projected combined should project all components that make up the projection API [Projection] [NodeConformance] [Conformance]" classname="Kubernetes e2e suite" status="skipped" time="0">
              <skipped message="skipped"></skipped>
          </testcase>
          <testcase name="[It] [sig-storage] Projected configMap Should fail non-optional pod creation due to configMap object does not exist [Slow]" classname="Kubernetes e2e suite" status="skipped" time="0">
              <skipped message="skipped"></skipped>
          </testcase>
          <testcase name="[It] [sig-storage] Projected configMap Should fail non-optional pod creation due to the key in the configMap object does not exist [Slow]" classname="Kubernetes e2e suite" status="skipped" time="0">
              <skipped message="skipped"></skipped>
          </testcase>
          <testcase name="[It] [sig-storage] Projected configMap optional updates should be reflected in volume [NodeConformance] [Conformance]" classname="Kubernetes e2e suite" status="skipped" time="0">
              <skipped message="skipped"></skipped>
          </testcase>
          <testcase name="[It] [sig-storage] Projected configMap should be consumable from pods in volume [NodeConformance] [Conformance]" classname="Kubernetes e2e suite" status="skipped" time="0">
              <skipped message="skipped"></skipped>
          </testcase>
          <testcase name="[It] [sig-storage] Projected configMap should be consumable from pods in volume as non-root [NodeConformance] [Conformance]" classname="Kubernetes e2e suite" status="skipped" time="0">
              <skipped message="skipped"></skipped>
          </testcase>
          <testcase name="[It] [sig-storage] Projected configMap should be consumable from pods in volume as non-root with FSGroup [LinuxOnly]" classname="Kubernetes e2e suite" status="skipped" time="0">
              <skipped message="skipped"></skipped>
          </testcase>
          <testcase name="[It] [sig-storage] Projected configMap should be consumable from pods in volume as non-root with defaultMode and fsGroup set [LinuxOnly]" classname="Kubernetes e2e suite" status="skipped" time="0">
              <skipped message="skipped"></skipped>
          </testcase>
          <testcase name="[It] [sig-storage] Projected configMap should be consumable from pods in volume with defaultMode set [LinuxOnly] [NodeConformance] [Conformance]" classname="Kubernetes e2e suite" status="skipped" time="0">
              <skipped message="skipped"></skipped>
          </testcase>
          <testcase name="[It] [sig-storage] Projected configMap should be consumable from pods in volume with mappings [NodeConformance] [Conformance]" classname="Kubernetes e2e suite" status="skipped" time="0">
              <skipped message="skipped"></skipped>
          </testcase>
          <testcase name="[It] [sig-storage] Projected configMap should be consumable from pods in volume with mappings and Item mode set [LinuxOnly] [NodeConformance] [Conformance]" classname="Kubernetes e2e suite" status="skipped" time="0">
              <skipped message="skipped"></skipped>
          </testcase>
          <testcase name="[It] [sig-storage] Projected configMap should be consumable from pods in volume with mappings as non-root [NodeConformance] [Conformance]" classname="Kubernetes e2e suite" status="skipped" time="0">
              <skipped message="skipped"></skipped>
          </testcase>
          <testcase name="[It] [sig-storage] Projected configMap should be consumable from pods in volume with mappings as non-root with FSGroup [LinuxOnly]" classname="Kubernetes e2e suite" status="skipped" time="0">
              <skipped message="skipped"></skipped>
          </testcase>
          <testcase name="[It] [sig-storage] Projected configMap should be consumable in multiple volumes in the same pod [NodeConformance] [Conformance]" classname="Kubernetes e2e suite" status="skipped" time="0">
              <skipped message="skipped"></skipped>
          </testcase>
          <testcase name="[It] [sig-storage] Projected configMap updates should be reflected in volume [NodeConformance] [Conformance]" classname="Kubernetes e2e suite" status="skipped" time="0">
              <skipped message="skipped"></skipped>
          </testcase>
          <testcase name="[It] [sig-storage] Projected downwardAPI should provide container&#39;s cpu limit [NodeConformance] [Conformance]" classname="Kubernetes e2e suite" status="skipped" time="0">
              <skipped message="skipped"></skipped>
          </testcase>
          <testcase name="[It] [sig-storage] Projected downwardAPI should provide container&#39;s cpu request [NodeConformance] [Conformance]" classname="Kubernetes e2e suite" status="skipped" time="0">
              <skipped message="skipped"></skipped>
          </testcase>
          <testcase name="[It] [sig-storage] Projected downwardAPI should provide container&#39;s memory limit [NodeConformance] [Conformance]" classname="Kubernetes e2e suite" status="skipped" time="0">
              <skipped message="skipped"></skipped>
          </testcase>
          <testcase name="[It] [sig-storage] Projected downwardAPI should provide container&#39;s memory request [NodeConformance] [Conformance]" classname="Kubernetes e2e suite" status="skipped" time="0">
              <skipped message="skipped"></skipped>
          </testcase>
          <testcase name="[It] [sig-storage] Projected downwardAPI should provide node allocatable (cpu) as default cpu limit if the limit is not set [NodeConformance] [Conformance]" classname="Kubernetes e2e suite" status="skipped" time="0">
              <skipped message="skipped"></skipped>
          </testcase>
          <testcase name="[It] [sig-storage] Projected downwardAPI should provide node allocatable (memory) as default memory limit if the limit is not set [NodeConformance] [Conformance]" classname="Kubernetes e2e suite" status="skipped" time="0">
              <skipped message="skipped"></skipped>
          </testcase>
          <testcase name="[It] [sig-storage] Projected downwardAPI should provide podname as non-root with fsgroup [LinuxOnly]" classname="Kubernetes e2e suite" status="skipped" time="0">
              <skipped message="skipped"></skipped>
          </testcase>
          <testcase name="[It] [sig-storage] Projected downwardAPI should provide podname as non-root with fsgroup and defaultMode [LinuxOnly]" classname="Kubernetes e2e suite" status="skipped" time="0">
              <skipped message="skipped"></skipped>
          </testcase>
          <testcase name="[It] [sig-storage] Projected downwardAPI should provide podname only [NodeConformance] [Conformance]" classname="Kubernetes e2e suite" status="skipped" time="0">
              <skipped message="skipped"></skipped>
          </testcase>
          <testcase name="[It] [sig-storage] Projected downwardAPI should set DefaultMode on files [LinuxOnly] [NodeConformance] [Conformance]" classname="Kubernetes e2e suite" status="skipped" time="0">
              <skipped message="skipped"></skipped>
          </testcase>
          <testcase name="[It] [sig-storage] Projected downwardAPI should set mode on item file [LinuxOnly] [NodeConformance] [Conformance]" classname="Kubernetes e2e suite" status="skipped" time="0">
              <skipped message="skipped"></skipped>
          </testcase>
          <testcase name="[It] [sig-storage] Projected downwardAPI should update annotations on modification [NodeConformance] [Conformance]" classname="Kubernetes e2e suite" status="skipped" time="0">
              <skipped message="skipped"></skipped>
          </testcase>
          <testcase name="[It] [sig-storage] Projected downwardAPI should update labels on modification [NodeConformance] [Conformance]" classname="Kubernetes e2e suite" status="skipped" time="0">
              <skipped message="skipped"></skipped>
          </testcase>
          <testcase name="[It] [sig-storage] Projected secret Should fail non-optional pod creation due to secret object does not exist [Slow]" classname="Kubernetes e2e suite" status="skipped" time="0">
              <skipped message="skipped"></skipped>
          </testcase>
          <testcase name="[It] [sig-storage] Projected secret Should fail non-optional pod creation due to the key in the secret object does not exist [Slow]" classname="Kubernetes e2e suite" status="skipped" time="0">
              <skipped message="skipped"></skipped>
          </testcase>
          <testcase name="[It] [sig-storage] Projected secret optional updates should be reflected in volume [NodeConformance] [Conformance]" classname="Kubernetes e2e suite" status="skipped" time="0">
              <skipped message="skipped"></skipped>
          </testcase>
          <testcase name="[It] [sig-storage] Projected secret should be able to mount in a volume regardless of a different secret existing with same name in different namespace [NodeConformance]" classname="Kubernetes e2e suite" status="skipped" time="0">
              <skipped message="skipped"></skipped>
          </testcase>
          <testcase name="[It] [sig-storage] Projected secret should be consumable from pods in volume [NodeConformance] [Conformance]" classname="Kubernetes e2e suite" status="skipped" time="0">
              <skipped message="skipped"></skipped>
          </testcase>
          <testcase name="[It] [sig-storage] Projected secret should be consumable from pods in volume as non-root with defaultMode and fsGroup set [LinuxOnly] [NodeConformance] [Conformance]" classname="Kubernetes e2e suite" status="skipped" time="0">
              <skipped message="skipped"></skipped>
          </testcase>
          <testcase name="[It] [sig-storage] Projected secret should be consumable from pods in volume with defaultMode set [LinuxOnly] [NodeConformance] [Conformance]" classname="Kubernetes e2e suite" status="skipped" time="0">
              <skipped message="skipped"></skipped>
          </testcase>
          <testcase name="[It] [sig-storage] Projected secret should be consumable from pods in volume with mappings [NodeConformance] [Conformance]" classname="Kubernetes e2e suite" status="skipped" time="0">
              <skipped message="skipped"></skipped>
          </testcase>
          <testcase name="[It] [sig-storage] Projected secret should be consumable from pods in volume with mappings and Item Mode set [LinuxOnly] [NodeConformance] [Conformance]" classname="Kubernetes e2e suite" status="skipped" time="0">
              <skipped message="skipped"></skipped>
          </testcase>
          <testcase name="[It] [sig-storage] Projected secret should be consumable in multiple volumes in a pod [NodeConformance] [Conformance]" classname="Kubernetes e2e suite" status="skipped" time="0">
              <skipped message="skipped"></skipped>
          </testcase>
          <testcase name="[It] [sig-storage] Secrets Should fail non-optional pod creation due to secret object does not exist [Slow]" classname="Kubernetes e2e suite" status="skipped" time="0">
              <skipped message="skipped"></skipped>
          </testcase>
          <testcase name="[It] [sig-storage] Secrets Should fail non-optional pod creation due to the key in the secret object does not exist [Slow]" classname="Kubernetes e2e suite" status="skipped" time="0">
              <skipped message="skipped"></skipped>
          </testcase>
          <testcase name="[It] [sig-storage] Secrets optional updates should be reflected in volume [NodeConformance] [Conformance]" classname="Kubernetes e2e suite" status="skipped" time="0">
              <skipped message="skipped"></skipped>
          </testcase>
          <testcase name="[It] [sig-storage] Secrets should be able to mount in a volume regardless of a different secret existing with same name in different namespace [NodeConformance] [Conformance]" classname="Kubernetes e2e suite" status="skipped" time="0">
              <skipped message="skipped"></skipped>
          </testcase>
          <testcase name="[It] [sig-storage] Secrets should be consumable from pods in volume [NodeConformance] [Conformance]" classname="Kubernetes e2e suite" status="skipped" time="0">
              <skipped message="skipped"></skipped>
          </testcase>
          <testcase name="[It] [sig-storage] Secrets should be consumable from pods in volume as non-root with defaultMode and fsGroup set [LinuxOnly] [NodeConformance] [Conformance]" classname="Kubernetes e2e suite" status="skipped" time="0">
              <skipped message="skipped"></skipped>
          </testcase>
          <testcase name="[It] [sig-storage] Secrets should be consumable from pods in volume with defaultMode set [LinuxOnly] [NodeConformance] [Conformance]" classname="Kubernetes e2e suite" status="skipped" time="0">
              <skipped message="skipped"></skipped>
          </testcase>
          <testcase name="[It] [sig-storage] Secrets should be consumable from pods in volume with mappings [NodeConformance] [Conformance]" classname="Kubernetes e2e suite" status="skipped" time="0">
              <skipped message="skipped"></skipped>
          </testcase>
          <testcase name="[It] [sig-storage] Secrets should be consumable from pods in volume with mappings and Item Mode set [LinuxOnly] [NodeConformance] [Conformance]" classname="Kubernetes e2e suite" status="skipped" time="0">
              <skipped message="skipped"></skipped>
          </testcase>
          <testcase name="[It] [sig-storage] Secrets should be consumable in multiple volumes in a pod [NodeConformance] [Conformance]" classname="Kubernetes e2e suite" status="skipped" time="0">
              <skipped message="skipped"></skipped>
          </testcase>
          <testcase name="[It] [sig-storage] Secrets should be immutable if `immutable` field is set [Conformance]" classname="Kubernetes e2e suite" status="skipped" time="0">
              <skipped message="skipped"></skipped>
          </testcase>
      </testsuite>
  </testsuites>